{"D:\\Code\\ThronesBot\\webapp\\src\\App.jsx": {"path":"D:\\Code\\ThronesBot\\webapp\\src\\App.jsx","statementMap":{"0":{"start":{"line":9,"column":13},"end":{"line":9,"column":null}},"1":{"start":{"line":10,"column":19},"end":{"line":10,"column":null}},"2":{"start":{"line":12,"column":20},"end":{"line":12,"column":null}},"3":{"start":{"line":13,"column":18},"end":{"line":13,"column":null}},"4":{"start":{"line":14,"column":13},"end":{"line":14,"column":null}},"5":{"start":{"line":15,"column":20},"end":{"line":15,"column":null}},"6":{"start":{"line":18,"column":20},"end":{"line":57,"column":null}},"7":{"start":{"line":19,"column":4},"end":{"line":55,"column":null}},"8":{"start":{"line":20,"column":22},"end":{"line":20,"column":null}},"9":{"start":{"line":23,"column":6},"end":{"line":51,"column":null}},"10":{"start":{"line":24,"column":34},"end":{"line":27,"column":null}},"11":{"start":{"line":25,"column":50},"end":{"line":25,"column":58}},"12":{"start":{"line":26,"column":53},"end":{"line":26,"column":61}},"13":{"start":{"line":29,"column":8},"end":{"line":29,"column":null}},"14":{"start":{"line":29,"column":26},"end":{"line":29,"column":null}},"15":{"start":{"line":30,"column":8},"end":{"line":30,"column":null}},"16":{"start":{"line":30,"column":29},"end":{"line":30,"column":null}},"17":{"start":{"line":33,"column":8},"end":{"line":49,"column":null}},"18":{"start":{"line":34,"column":10},"end":{"line":34,"column":null}},"19":{"start":{"line":35,"column":10},"end":{"line":47,"column":null}},"20":{"start":{"line":48,"column":10},"end":{"line":48,"column":null}},"21":{"start":{"line":50,"column":8},"end":{"line":50,"column":null}},"22":{"start":{"line":53,"column":6},"end":{"line":53,"column":null}},"23":{"start":{"line":54,"column":6},"end":{"line":54,"column":null}},"24":{"start":{"line":54,"column":14},"end":{"line":54,"column":null}},"25":{"start":{"line":56,"column":4},"end":{"line":56,"column":null}},"26":{"start":{"line":59,"column":2},"end":{"line":65,"column":null}},"27":{"start":{"line":60,"column":4},"end":{"line":63,"column":null}},"28":{"start":{"line":61,"column":6},"end":{"line":61,"column":null}},"29":{"start":{"line":62,"column":6},"end":{"line":62,"column":null}},"30":{"start":{"line":64,"column":4},"end":{"line":64,"column":null}},"31":{"start":{"line":67,"column":23},"end":{"line":92,"column":null}},"32":{"start":{"line":68,"column":4},"end":{"line":71,"column":null}},"33":{"start":{"line":69,"column":6},"end":{"line":69,"column":null}},"34":{"start":{"line":70,"column":6},"end":{"line":70,"column":null}},"35":{"start":{"line":73,"column":4},"end":{"line":91,"column":null}},"36":{"start":{"line":74,"column":18},"end":{"line":81,"column":null}},"37":{"start":{"line":81,"column":19},"end":{"line":81,"column":27}},"38":{"start":{"line":83,"column":6},"end":{"line":88,"column":null}},"39":{"start":{"line":84,"column":8},"end":{"line":84,"column":null}},"40":{"start":{"line":85,"column":8},"end":{"line":85,"column":null}},"41":{"start":{"line":87,"column":8},"end":{"line":87,"column":null}},"42":{"start":{"line":90,"column":6},"end":{"line":90,"column":null}},"43":{"start":{"line":94,"column":2},"end":{"line":100,"column":null}},"44":{"start":{"line":95,"column":4},"end":{"line":98,"column":null}},"45":{"start":{"line":102,"column":2},"end":{"line":117,"column":null}},"46":{"start":{"line":103,"column":4},"end":{"line":115,"column":null}},"47":{"start":{"line":111,"column":25},"end":{"line":111,"column":null}},"48":{"start":{"line":119,"column":2},"end":{"line":196,"column":null}},"49":{"start":{"line":168,"column":12},"end":{"line":168,"column":null}},"50":{"start":{"line":169,"column":12},"end":{"line":169,"column":null}},"51":{"start":{"line":178,"column":12},"end":{"line":178,"column":null}},"52":{"start":{"line":179,"column":12},"end":{"line":179,"column":null}},"53":{"start":{"line":188,"column":12},"end":{"line":188,"column":null}},"54":{"start":{"line":189,"column":12},"end":{"line":189,"column":null}}},"fnMap":{"0":{"name":"App","decl":{"start":{"line":8,"column":24},"end":{"line":8,"column":30}},"loc":{"start":{"line":8,"column":30},"end":{"line":198,"column":null}},"line":8},"1":{"name":"(anonymous_1)","decl":{"start":{"line":18,"column":20},"end":{"line":18,"column":32}},"loc":{"start":{"line":18,"column":32},"end":{"line":57,"column":null}},"line":18},"2":{"name":"(anonymous_2)","decl":{"start":{"line":25,"column":40},"end":{"line":25,"column":45}},"loc":{"start":{"line":25,"column":50},"end":{"line":25,"column":58}},"line":25},"3":{"name":"(anonymous_3)","decl":{"start":{"line":26,"column":43},"end":{"line":26,"column":48}},"loc":{"start":{"line":26,"column":53},"end":{"line":26,"column":61}},"line":26},"4":{"name":"(anonymous_4)","decl":{"start":{"line":33,"column":8},"end":{"line":33,"column":25}},"loc":{"start":{"line":33,"column":25},"end":{"line":49,"column":11}},"line":33},"5":{"name":"(anonymous_5)","decl":{"start":{"line":59,"column":2},"end":{"line":59,"column":18}},"loc":{"start":{"line":59,"column":18},"end":{"line":65,"column":5}},"line":59},"6":{"name":"(anonymous_6)","decl":{"start":{"line":67,"column":23},"end":{"line":67,"column":30}},"loc":{"start":{"line":67,"column":51},"end":{"line":92,"column":null}},"line":67},"7":{"name":"(anonymous_7)","decl":{"start":{"line":81,"column":9},"end":{"line":81,"column":14}},"loc":{"start":{"line":81,"column":19},"end":{"line":81,"column":27}},"line":81},"8":{"name":"(anonymous_8)","decl":{"start":{"line":111,"column":10},"end":{"line":111,"column":25}},"loc":{"start":{"line":111,"column":25},"end":{"line":111,"column":null}},"line":111},"9":{"name":"(anonymous_9)","decl":{"start":{"line":167,"column":10},"end":{"line":167,"column":25}},"loc":{"start":{"line":167,"column":25},"end":{"line":170,"column":null}},"line":167},"10":{"name":"(anonymous_10)","decl":{"start":{"line":177,"column":10},"end":{"line":177,"column":25}},"loc":{"start":{"line":177,"column":25},"end":{"line":180,"column":null}},"line":177},"11":{"name":"(anonymous_11)","decl":{"start":{"line":187,"column":10},"end":{"line":187,"column":25}},"loc":{"start":{"line":187,"column":25},"end":{"line":190,"column":null}},"line":187}},"branchMap":{"0":{"loc":{"start":{"line":10,"column":19},"end":{"line":10,"column":null}},"type":"binary-expr","locations":[{"start":{"line":10,"column":19},"end":{"line":10,"column":35}},{"start":{"line":10,"column":35},"end":{"line":10,"column":null}}],"line":10},"1":{"loc":{"start":{"line":23,"column":6},"end":{"line":51,"column":null}},"type":"if","locations":[{"start":{"line":23,"column":6},"end":{"line":51,"column":null}},{"start":{"line":31,"column":13},"end":{"line":51,"column":null}}],"line":23},"2":{"loc":{"start":{"line":29,"column":8},"end":{"line":29,"column":null}},"type":"if","locations":[{"start":{"line":29,"column":8},"end":{"line":29,"column":null}},{"start":{},"end":{}}],"line":29},"3":{"loc":{"start":{"line":30,"column":8},"end":{"line":30,"column":null}},"type":"if","locations":[{"start":{"line":30,"column":8},"end":{"line":30,"column":null}},{"start":{},"end":{}}],"line":30},"4":{"loc":{"start":{"line":54,"column":6},"end":{"line":54,"column":null}},"type":"if","locations":[{"start":{"line":54,"column":6},"end":{"line":54,"column":null}},{"start":{},"end":{}}],"line":54},"5":{"loc":{"start":{"line":60,"column":4},"end":{"line":63,"column":null}},"type":"if","locations":[{"start":{"line":60,"column":4},"end":{"line":63,"column":null}},{"start":{},"end":{}}],"line":60},"6":{"loc":{"start":{"line":68,"column":4},"end":{"line":71,"column":null}},"type":"if","locations":[{"start":{"line":68,"column":4},"end":{"line":71,"column":null}},{"start":{},"end":{}}],"line":68},"7":{"loc":{"start":{"line":83,"column":6},"end":{"line":88,"column":null}},"type":"if","locations":[{"start":{"line":83,"column":6},"end":{"line":88,"column":null}},{"start":{"line":86,"column":13},"end":{"line":88,"column":null}}],"line":83},"8":{"loc":{"start":{"line":94,"column":2},"end":{"line":100,"column":null}},"type":"if","locations":[{"start":{"line":94,"column":2},"end":{"line":100,"column":null}},{"start":{},"end":{}}],"line":94},"9":{"loc":{"start":{"line":102,"column":2},"end":{"line":117,"column":null}},"type":"if","locations":[{"start":{"line":102,"column":2},"end":{"line":117,"column":null}},{"start":{},"end":{}}],"line":102},"10":{"loc":{"start":{"line":123,"column":11},"end":{"line":133,"column":null}},"type":"binary-expr","locations":[{"start":{"line":123,"column":11},"end":{"line":123,"column":null}},{"start":{"line":124,"column":12},"end":{"line":133,"column":null}}],"line":123},"11":{"loc":{"start":{"line":136,"column":11},"end":{"line":146,"column":null}},"type":"binary-expr","locations":[{"start":{"line":136,"column":11},"end":{"line":136,"column":null}},{"start":{"line":137,"column":12},"end":{"line":146,"column":null}}],"line":136},"12":{"loc":{"start":{"line":149,"column":11},"end":{"line":159,"column":null}},"type":"binary-expr","locations":[{"start":{"line":149,"column":11},"end":{"line":149,"column":null}},{"start":{"line":150,"column":12},"end":{"line":159,"column":null}}],"line":149},"13":{"loc":{"start":{"line":166,"column":33},"end":{"line":166,"column":null}},"type":"cond-expr","locations":[{"start":{"line":166,"column":55},"end":{"line":166,"column":66}},{"start":{"line":166,"column":66},"end":{"line":166,"column":null}}],"line":166},"14":{"loc":{"start":{"line":176,"column":33},"end":{"line":176,"column":null}},"type":"cond-expr","locations":[{"start":{"line":176,"column":58},"end":{"line":176,"column":69}},{"start":{"line":176,"column":69},"end":{"line":176,"column":null}}],"line":176},"15":{"loc":{"start":{"line":186,"column":33},"end":{"line":186,"column":null}},"type":"cond-expr","locations":[{"start":{"line":186,"column":59},"end":{"line":186,"column":70}},{"start":{"line":186,"column":70},"end":{"line":186,"column":null}}],"line":186}},"s":{"0":18,"1":18,"2":18,"3":18,"4":18,"5":18,"6":18,"7":8,"8":8,"9":8,"10":7,"11":6,"12":6,"13":6,"14":5,"15":6,"16":5,"17":1,"18":1,"19":1,"20":1,"21":1,"22":0,"23":0,"24":0,"25":6,"26":18,"27":7,"28":7,"29":7,"30":7,"31":18,"32":3,"33":1,"34":1,"35":2,"36":2,"37":2,"38":2,"39":1,"40":1,"41":1,"42":0,"43":18,"44":7,"45":11,"46":1,"47":1,"48":10,"49":2,"50":2,"51":1,"52":1,"53":1,"54":1},"f":{"0":18,"1":8,"2":6,"3":6,"4":1,"5":7,"6":3,"7":2,"8":1,"9":2,"10":1,"11":1},"b":{"0":[18,3],"1":[7,1],"2":[5,1],"3":[5,1],"4":[0,0],"5":[7,0],"6":[1,2],"7":[1,1],"8":[7,11],"9":[1,10],"10":[10,8],"11":[18,1],"12":[18,1],"13":[8,2],"14":[1,9],"15":[1,9]},"meta":{"lastBranch":16,"lastFunction":12,"lastStatement":55,"seen":{"f:8:24:8:30":0,"s:9:13:9:Infinity":0,"s:10:19:10:Infinity":1,"b:10:19:10:35:10:35:10:Infinity":0,"s:12:20:12:Infinity":2,"s:13:18:13:Infinity":3,"s:14:13:14:Infinity":4,"s:15:20:15:Infinity":5,"s:18:20:57:Infinity":6,"f:18:20:18:32":1,"s:19:4:55:Infinity":7,"s:20:22:20:Infinity":8,"b:23:6:51:Infinity:31:13:51:Infinity":1,"s:23:6:51:Infinity":9,"s:24:34:27:Infinity":10,"f:25:40:25:45":2,"s:25:50:25:58":11,"f:26:43:26:48":3,"s:26:53:26:61":12,"b:29:8:29:Infinity:undefined:undefined:undefined:undefined":2,"s:29:8:29:Infinity":13,"s:29:26:29:Infinity":14,"b:30:8:30:Infinity:undefined:undefined:undefined:undefined":3,"s:30:8:30:Infinity":15,"s:30:29:30:Infinity":16,"s:33:8:49:Infinity":17,"f:33:8:33:25":4,"s:34:10:34:Infinity":18,"s:35:10:47:Infinity":19,"s:48:10:48:Infinity":20,"s:50:8:50:Infinity":21,"s:53:6:53:Infinity":22,"b:54:6:54:Infinity:undefined:undefined:undefined:undefined":4,"s:54:6:54:Infinity":23,"s:54:14:54:Infinity":24,"s:56:4:56:Infinity":25,"s:59:2:65:Infinity":26,"f:59:2:59:18":5,"b:60:4:63:Infinity:undefined:undefined:undefined:undefined":5,"s:60:4:63:Infinity":27,"s:61:6:61:Infinity":28,"s:62:6:62:Infinity":29,"s:64:4:64:Infinity":30,"s:67:23:92:Infinity":31,"f:67:23:67:30":6,"b:68:4:71:Infinity:undefined:undefined:undefined:undefined":6,"s:68:4:71:Infinity":32,"s:69:6:69:Infinity":33,"s:70:6:70:Infinity":34,"s:73:4:91:Infinity":35,"s:74:18:81:Infinity":36,"f:81:9:81:14":7,"s:81:19:81:27":37,"b:83:6:88:Infinity:86:13:88:Infinity":7,"s:83:6:88:Infinity":38,"s:84:8:84:Infinity":39,"s:85:8:85:Infinity":40,"s:87:8:87:Infinity":41,"s:90:6:90:Infinity":42,"b:94:2:100:Infinity:undefined:undefined:undefined:undefined":8,"s:94:2:100:Infinity":43,"s:95:4:98:Infinity":44,"b:102:2:117:Infinity:undefined:undefined:undefined:undefined":9,"s:102:2:117:Infinity":45,"s:103:4:115:Infinity":46,"f:111:10:111:25":8,"s:111:25:111:Infinity":47,"s:119:2:196:Infinity":48,"b:123:11:123:Infinity:124:12:133:Infinity":10,"b:136:11:136:Infinity:137:12:146:Infinity":11,"b:149:11:149:Infinity:150:12:159:Infinity":12,"b:166:55:166:66:166:66:166:Infinity":13,"f:167:10:167:25":9,"s:168:12:168:Infinity":49,"s:169:12:169:Infinity":50,"b:176:58:176:69:176:69:176:Infinity":14,"f:177:10:177:25":10,"s:178:12:178:Infinity":51,"s:179:12:179:Infinity":52,"b:186:59:186:70:186:70:186:Infinity":15,"f:187:10:187:25":11,"s:188:12:188:Infinity":53,"s:189:12:189:Infinity":54},"fnNames":{}}}
,"D:\\Code\\ThronesBot\\webapp\\src\\assets\\throne.jpg": {"path":"D:\\Code\\ThronesBot\\webapp\\src\\assets\\throne.jpg","statementMap":{},"fnMap":{},"branchMap":{},"s":{},"f":{},"b":{},"meta":{"lastBranch":0,"lastFunction":0,"lastStatement":0,"seen":{},"fnNames":{}}}
,"D:\\Code\\ThronesBot\\webapp\\src\\components\\MapView.jsx": {"path":"D:\\Code\\ThronesBot\\webapp\\src\\components\\MapView.jsx","statementMap":{"0":{"start":{"line":6,"column":15},"end":{"line":6,"column":null}},"1":{"start":{"line":9,"column":2},"end":{"line":9,"column":null}},"2":{"start":{"line":9,"column":15},"end":{"line":9,"column":null}},"3":{"start":{"line":10,"column":2},"end":{"line":10,"column":null}},"4":{"start":{"line":14,"column":25},"end":{"line":14,"column":null}},"5":{"start":{"line":15,"column":18},"end":{"line":15,"column":null}},"6":{"start":{"line":16,"column":25},"end":{"line":16,"column":null}},"7":{"start":{"line":19,"column":24},"end":{"line":19,"column":null}},"8":{"start":{"line":22,"column":8},"end":{"line":56,"column":null}},"9":{"start":{"line":23,"column":4},"end":{"line":23,"column":null}},"10":{"start":{"line":23,"column":17},"end":{"line":23,"column":null}},"11":{"start":{"line":26,"column":4},"end":{"line":28,"column":null}},"12":{"start":{"line":27,"column":6},"end":{"line":27,"column":null}},"13":{"start":{"line":30,"column":4},"end":{"line":32,"column":null}},"14":{"start":{"line":31,"column":6},"end":{"line":31,"column":null}},"15":{"start":{"line":34,"column":17},"end":{"line":34,"column":null}},"16":{"start":{"line":34,"column":39},"end":{"line":34,"column":54}},"17":{"start":{"line":35,"column":4},"end":{"line":35,"column":null}},"18":{"start":{"line":35,"column":15},"end":{"line":35,"column":null}},"19":{"start":{"line":37,"column":4},"end":{"line":40,"column":null}},"20":{"start":{"line":38,"column":6},"end":{"line":38,"column":null}},"21":{"start":{"line":38,"column":28},"end":{"line":38,"column":null}},"22":{"start":{"line":39,"column":6},"end":{"line":39,"column":null}},"23":{"start":{"line":42,"column":4},"end":{"line":46,"column":null}},"24":{"start":{"line":43,"column":6},"end":{"line":43,"column":null}},"25":{"start":{"line":43,"column":40},"end":{"line":43,"column":null}},"26":{"start":{"line":44,"column":6},"end":{"line":44,"column":null}},"27":{"start":{"line":44,"column":39},"end":{"line":44,"column":null}},"28":{"start":{"line":45,"column":6},"end":{"line":45,"column":null}},"29":{"start":{"line":48,"column":4},"end":{"line":53,"column":null}},"30":{"start":{"line":49,"column":6},"end":{"line":49,"column":null}},"31":{"start":{"line":49,"column":26},"end":{"line":49,"column":null}},"32":{"start":{"line":50,"column":6},"end":{"line":50,"column":null}},"33":{"start":{"line":50,"column":63},"end":{"line":50,"column":null}},"34":{"start":{"line":51,"column":6},"end":{"line":51,"column":null}},"35":{"start":{"line":51,"column":66},"end":{"line":51,"column":null}},"36":{"start":{"line":52,"column":6},"end":{"line":52,"column":null}},"37":{"start":{"line":55,"column":4},"end":{"line":55,"column":null}},"38":{"start":{"line":58,"column":2},"end":{"line":142,"column":null}},"39":{"start":{"line":62,"column":49},"end":{"line":62,"column":77}},"40":{"start":{"line":74,"column":10},"end":{"line":74,"column":null}},"41":{"start":{"line":75,"column":10},"end":{"line":75,"column":null}},"42":{"start":{"line":84,"column":58},"end":{"line":84,"column":65}},"43":{"start":{"line":84,"column":76},"end":{"line":84,"column":86}},"44":{"start":{"line":85,"column":27},"end":{"line":85,"column":null}},"45":{"start":{"line":85,"column":49},"end":{"line":85,"column":65}},"46":{"start":{"line":86,"column":14},"end":{"line":86,"column":null}},"47":{"start":{"line":86,"column":25},"end":{"line":86,"column":null}},"48":{"start":{"line":87,"column":14},"end":{"line":91,"column":null}},"49":{"start":{"line":100,"column":14},"end":{"line":103,"column":null}},"50":{"start":{"line":130,"column":27},"end":{"line":130,"column":null}},"51":{"start":{"line":132,"column":14},"end":{"line":132,"column":null}},"52":{"start":{"line":133,"column":14},"end":{"line":133,"column":null}},"53":{"start":{"line":147,"column":23},"end":{"line":147,"column":null}},"54":{"start":{"line":148,"column":27},"end":{"line":148,"column":null}},"55":{"start":{"line":149,"column":22},"end":{"line":149,"column":null}},"56":{"start":{"line":150,"column":31},"end":{"line":150,"column":null}},"57":{"start":{"line":151,"column":30},"end":{"line":151,"column":null}},"58":{"start":{"line":152,"column":27},"end":{"line":152,"column":null}},"59":{"start":{"line":154,"column":2},"end":{"line":160,"column":null}},"60":{"start":{"line":155,"column":4},"end":{"line":159,"column":null}},"61":{"start":{"line":156,"column":6},"end":{"line":156,"column":null}},"62":{"start":{"line":157,"column":6},"end":{"line":157,"column":null}},"63":{"start":{"line":158,"column":6},"end":{"line":158,"column":null}},"64":{"start":{"line":162,"column":2},"end":{"line":162,"column":null}},"65":{"start":{"line":162,"column":15},"end":{"line":162,"column":null}},"66":{"start":{"line":164,"column":17},"end":{"line":164,"column":null}},"67":{"start":{"line":165,"column":20},"end":{"line":165,"column":null}},"68":{"start":{"line":166,"column":26},"end":{"line":166,"column":null}},"69":{"start":{"line":167,"column":17},"end":{"line":167,"column":null}},"70":{"start":{"line":168,"column":20},"end":{"line":168,"column":null}},"71":{"start":{"line":170,"column":23},"end":{"line":170,"column":null}},"72":{"start":{"line":172,"column":21},"end":{"line":172,"column":null}},"73":{"start":{"line":173,"column":2},"end":{"line":175,"column":null}},"74":{"start":{"line":174,"column":4},"end":{"line":174,"column":null}},"75":{"start":{"line":174,"column":44},"end":{"line":174,"column":69}},"76":{"start":{"line":174,"column":90},"end":{"line":174,"column":109}},"77":{"start":{"line":177,"column":31},"end":{"line":199,"column":null}},"78":{"start":{"line":178,"column":4},"end":{"line":178,"column":null}},"79":{"start":{"line":178,"column":32},"end":{"line":178,"column":null}},"80":{"start":{"line":179,"column":4},"end":{"line":198,"column":null}},"81":{"start":{"line":180,"column":18},"end":{"line":190,"column":null}},"82":{"start":{"line":190,"column":19},"end":{"line":190,"column":27}},"83":{"start":{"line":191,"column":6},"end":{"line":191,"column":null}},"84":{"start":{"line":192,"column":6},"end":{"line":195,"column":null}},"85":{"start":{"line":193,"column":8},"end":{"line":193,"column":null}},"86":{"start":{"line":193,"column":24},"end":{"line":193,"column":null}},"87":{"start":{"line":194,"column":8},"end":{"line":194,"column":null}},"88":{"start":{"line":197,"column":6},"end":{"line":197,"column":null}},"89":{"start":{"line":201,"column":22},"end":{"line":224,"column":null}},"90":{"start":{"line":202,"column":4},"end":{"line":202,"column":null}},"91":{"start":{"line":202,"column":26},"end":{"line":202,"column":null}},"92":{"start":{"line":203,"column":4},"end":{"line":223,"column":null}},"93":{"start":{"line":204,"column":18},"end":{"line":214,"column":null}},"94":{"start":{"line":214,"column":19},"end":{"line":214,"column":27}},"95":{"start":{"line":216,"column":6},"end":{"line":216,"column":null}},"96":{"start":{"line":217,"column":6},"end":{"line":219,"column":null}},"97":{"start":{"line":218,"column":8},"end":{"line":218,"column":null}},"98":{"start":{"line":218,"column":35},"end":{"line":218,"column":74}},"99":{"start":{"line":220,"column":6},"end":{"line":220,"column":null}},"100":{"start":{"line":220,"column":22},"end":{"line":220,"column":null}},"101":{"start":{"line":222,"column":6},"end":{"line":222,"column":null}},"102":{"start":{"line":226,"column":2},"end":{"line":512,"column":null}},"103":{"start":{"line":262,"column":69},"end":{"line":262,"column":91}},"104":{"start":{"line":295,"column":33},"end":{"line":295,"column":null}},"105":{"start":{"line":332,"column":33},"end":{"line":332,"column":null}},"106":{"start":{"line":359,"column":33},"end":{"line":359,"column":null}},"107":{"start":{"line":370,"column":16},"end":{"line":378,"column":null}},"108":{"start":{"line":371,"column":18},"end":{"line":373,"column":null}},"109":{"start":{"line":372,"column":20},"end":{"line":372,"column":null}},"110":{"start":{"line":372,"column":33},"end":{"line":372,"column":null}},"111":{"start":{"line":375,"column":18},"end":{"line":377,"column":null}},"112":{"start":{"line":376,"column":20},"end":{"line":376,"column":null}},"113":{"start":{"line":376,"column":33},"end":{"line":376,"column":null}},"114":{"start":{"line":396,"column":16},"end":{"line":410,"column":null}},"115":{"start":{"line":397,"column":18},"end":{"line":409,"column":null}},"116":{"start":{"line":398,"column":20},"end":{"line":408,"column":null}},"117":{"start":{"line":399,"column":34},"end":{"line":403,"column":null}},"118":{"start":{"line":403,"column":35},"end":{"line":403,"column":43}},"119":{"start":{"line":404,"column":22},"end":{"line":404,"column":null}},"120":{"start":{"line":405,"column":22},"end":{"line":405,"column":null}},"121":{"start":{"line":407,"column":22},"end":{"line":407,"column":null}},"122":{"start":{"line":434,"column":35},"end":{"line":434,"column":null}},"123":{"start":{"line":450,"column":16},"end":{"line":453,"column":null}},"124":{"start":{"line":451,"column":18},"end":{"line":451,"column":null}},"125":{"start":{"line":452,"column":18},"end":{"line":452,"column":null}},"126":{"start":{"line":455,"column":16},"end":{"line":475,"column":null}},"127":{"start":{"line":456,"column":18},"end":{"line":474,"column":null}},"128":{"start":{"line":457,"column":20},"end":{"line":473,"column":null}},"129":{"start":{"line":458,"column":34},"end":{"line":465,"column":null}},"130":{"start":{"line":465,"column":35},"end":{"line":465,"column":43}},"131":{"start":{"line":466,"column":22},"end":{"line":466,"column":null}},"132":{"start":{"line":467,"column":22},"end":{"line":470,"column":null}},"133":{"start":{"line":468,"column":24},"end":{"line":468,"column":null}},"134":{"start":{"line":468,"column":40},"end":{"line":468,"column":null}},"135":{"start":{"line":469,"column":24},"end":{"line":469,"column":null}},"136":{"start":{"line":472,"column":22},"end":{"line":472,"column":null}},"137":{"start":{"line":485,"column":31},"end":{"line":485,"column":null}}},"fnMap":{"0":{"name":"getColorForUser","decl":{"start":{"line":8,"column":9},"end":{"line":8,"column":25}},"loc":{"start":{"line":8,"column":33},"end":{"line":11,"column":null}},"line":8},"1":{"name":"MapView","decl":{"start":{"line":13,"column":24},"end":{"line":13,"column":32}},"loc":{"start":{"line":13,"column":73},"end":{"line":144,"column":null}},"line":13},"2":{"name":"(anonymous_2)","decl":{"start":{"line":22,"column":8},"end":{"line":22,"column":27}},"loc":{"start":{"line":22,"column":38},"end":{"line":56,"column":null}},"line":22},"3":{"name":"(anonymous_3)","decl":{"start":{"line":34,"column":29},"end":{"line":34,"column":34}},"loc":{"start":{"line":34,"column":39},"end":{"line":34,"column":54}},"line":34},"4":{"name":"(anonymous_4)","decl":{"start":{"line":62,"column":32},"end":{"line":62,"column":43}},"loc":{"start":{"line":62,"column":49},"end":{"line":62,"column":77}},"line":62},"5":{"name":"(anonymous_5)","decl":{"start":{"line":73,"column":8},"end":{"line":73,"column":24}},"loc":{"start":{"line":73,"column":35},"end":{"line":76,"column":null}},"line":73},"6":{"name":"(anonymous_6)","decl":{"start":{"line":84,"column":46},"end":{"line":84,"column":53}},"loc":{"start":{"line":84,"column":58},"end":{"line":84,"column":65}},"line":84},"7":{"name":"(anonymous_7)","decl":{"start":{"line":84,"column":67},"end":{"line":84,"column":71}},"loc":{"start":{"line":84,"column":76},"end":{"line":84,"column":86}},"line":84},"8":{"name":"(anonymous_8)","decl":{"start":{"line":84,"column":90},"end":{"line":84,"column":94}},"loc":{"start":{"line":84,"column":105},"end":{"line":93,"column":13}},"line":84},"9":{"name":"(anonymous_9)","decl":{"start":{"line":85,"column":39},"end":{"line":85,"column":44}},"loc":{"start":{"line":85,"column":49},"end":{"line":85,"column":65}},"line":85},"10":{"name":"(anonymous_10)","decl":{"start":{"line":99,"column":30},"end":{"line":99,"column":34}},"loc":{"start":{"line":100,"column":14},"end":{"line":103,"column":null}},"line":100},"11":{"name":"(anonymous_11)","decl":{"start":{"line":130,"column":12},"end":{"line":130,"column":27}},"loc":{"start":{"line":130,"column":27},"end":{"line":130,"column":null}},"line":130},"12":{"name":"(anonymous_12)","decl":{"start":{"line":131,"column":12},"end":{"line":131,"column":23}},"loc":{"start":{"line":131,"column":34},"end":{"line":134,"column":null}},"line":131},"13":{"name":"CastleModal","decl":{"start":{"line":146,"column":9},"end":{"line":146,"column":21}},"loc":{"start":{"line":146,"column":122},"end":{"line":514,"column":null}},"line":146},"14":{"name":"(anonymous_14)","decl":{"start":{"line":154,"column":2},"end":{"line":154,"column":18}},"loc":{"start":{"line":154,"column":18},"end":{"line":160,"column":5}},"line":154},"15":{"name":"(anonymous_15)","decl":{"start":{"line":174,"column":32},"end":{"line":174,"column":39}},"loc":{"start":{"line":174,"column":44},"end":{"line":174,"column":69}},"line":174},"16":{"name":"(anonymous_16)","decl":{"start":{"line":174,"column":71},"end":{"line":174,"column":79}},"loc":{"start":{"line":174,"column":90},"end":{"line":174,"column":109}},"line":174},"17":{"name":"(anonymous_17)","decl":{"start":{"line":177,"column":31},"end":{"line":177,"column":43}},"loc":{"start":{"line":177,"column":43},"end":{"line":199,"column":null}},"line":177},"18":{"name":"(anonymous_18)","decl":{"start":{"line":190,"column":9},"end":{"line":190,"column":14}},"loc":{"start":{"line":190,"column":19},"end":{"line":190,"column":27}},"line":190},"19":{"name":"(anonymous_19)","decl":{"start":{"line":201,"column":22},"end":{"line":201,"column":34}},"loc":{"start":{"line":201,"column":34},"end":{"line":224,"column":null}},"line":201},"20":{"name":"(anonymous_20)","decl":{"start":{"line":214,"column":9},"end":{"line":214,"column":14}},"loc":{"start":{"line":214,"column":19},"end":{"line":214,"column":27}},"line":214},"21":{"name":"(anonymous_21)","decl":{"start":{"line":218,"column":8},"end":{"line":218,"column":26}},"loc":{"start":{"line":218,"column":35},"end":{"line":218,"column":74}},"line":218},"22":{"name":"(anonymous_22)","decl":{"start":{"line":262,"column":59},"end":{"line":262,"column":64}},"loc":{"start":{"line":262,"column":69},"end":{"line":262,"column":91}},"line":262},"23":{"name":"(anonymous_23)","decl":{"start":{"line":295,"column":16},"end":{"line":295,"column":27}},"loc":{"start":{"line":295,"column":33},"end":{"line":295,"column":null}},"line":295},"24":{"name":"(anonymous_24)","decl":{"start":{"line":332,"column":16},"end":{"line":332,"column":27}},"loc":{"start":{"line":332,"column":33},"end":{"line":332,"column":null}},"line":332},"25":{"name":"(anonymous_25)","decl":{"start":{"line":359,"column":16},"end":{"line":359,"column":27}},"loc":{"start":{"line":359,"column":33},"end":{"line":359,"column":null}},"line":359},"26":{"name":"(anonymous_26)","decl":{"start":{"line":369,"column":14},"end":{"line":369,"column":29}},"loc":{"start":{"line":369,"column":29},"end":{"line":379,"column":null}},"line":369},"27":{"name":"(anonymous_27)","decl":{"start":{"line":371,"column":152},"end":{"line":371,"column":173}},"loc":{"start":{"line":371,"column":185},"end":{"line":373,"column":19}},"line":371},"28":{"name":"(anonymous_28)","decl":{"start":{"line":375,"column":98},"end":{"line":375,"column":103}},"loc":{"start":{"line":375,"column":115},"end":{"line":377,"column":19}},"line":375},"29":{"name":"(anonymous_29)","decl":{"start":{"line":395,"column":23},"end":{"line":395,"column":35}},"loc":{"start":{"line":395,"column":35},"end":{"line":411,"column":null}},"line":395},"30":{"name":"(anonymous_30)","decl":{"start":{"line":396,"column":95},"end":{"line":396,"column":102}},"loc":{"start":{"line":396,"column":114},"end":{"line":410,"column":17}},"line":396},"31":{"name":"(anonymous_31)","decl":{"start":{"line":403,"column":25},"end":{"line":403,"column":30}},"loc":{"start":{"line":403,"column":35},"end":{"line":403,"column":43}},"line":403},"32":{"name":"(anonymous_32)","decl":{"start":{"line":434,"column":18},"end":{"line":434,"column":29}},"loc":{"start":{"line":434,"column":35},"end":{"line":434,"column":null}},"line":434},"33":{"name":"(anonymous_33)","decl":{"start":{"line":449,"column":23},"end":{"line":449,"column":35}},"loc":{"start":{"line":449,"column":35},"end":{"line":476,"column":null}},"line":449},"34":{"name":"(anonymous_34)","decl":{"start":{"line":455,"column":108},"end":{"line":455,"column":115}},"loc":{"start":{"line":455,"column":127},"end":{"line":475,"column":17}},"line":455},"35":{"name":"(anonymous_35)","decl":{"start":{"line":465,"column":25},"end":{"line":465,"column":30}},"loc":{"start":{"line":465,"column":35},"end":{"line":465,"column":43}},"line":465},"36":{"name":"(anonymous_36)","decl":{"start":{"line":485,"column":16},"end":{"line":485,"column":31}},"loc":{"start":{"line":485,"column":31},"end":{"line":485,"column":null}},"line":485}},"branchMap":{"0":{"loc":{"start":{"line":9,"column":2},"end":{"line":9,"column":null}},"type":"if","locations":[{"start":{"line":9,"column":2},"end":{"line":9,"column":null}},{"start":{},"end":{}}],"line":9},"1":{"loc":{"start":{"line":23,"column":4},"end":{"line":23,"column":null}},"type":"if","locations":[{"start":{"line":23,"column":4},"end":{"line":23,"column":null}},{"start":{},"end":{}}],"line":23},"2":{"loc":{"start":{"line":26,"column":4},"end":{"line":28,"column":null}},"type":"if","locations":[{"start":{"line":26,"column":4},"end":{"line":28,"column":null}},{"start":{},"end":{}}],"line":26},"3":{"loc":{"start":{"line":26,"column":8},"end":{"line":26,"column":48}},"type":"binary-expr","locations":[{"start":{"line":26,"column":8},"end":{"line":26,"column":22}},{"start":{"line":26,"column":22},"end":{"line":26,"column":48}}],"line":26},"4":{"loc":{"start":{"line":30,"column":4},"end":{"line":32,"column":null}},"type":"if","locations":[{"start":{"line":30,"column":4},"end":{"line":32,"column":null}},{"start":{},"end":{}}],"line":30},"5":{"loc":{"start":{"line":35,"column":4},"end":{"line":35,"column":null}},"type":"if","locations":[{"start":{"line":35,"column":4},"end":{"line":35,"column":null}},{"start":{},"end":{}}],"line":35},"6":{"loc":{"start":{"line":37,"column":4},"end":{"line":40,"column":null}},"type":"if","locations":[{"start":{"line":37,"column":4},"end":{"line":40,"column":null}},{"start":{},"end":{}}],"line":37},"7":{"loc":{"start":{"line":38,"column":6},"end":{"line":38,"column":null}},"type":"if","locations":[{"start":{"line":38,"column":6},"end":{"line":38,"column":null}},{"start":{},"end":{}}],"line":38},"8":{"loc":{"start":{"line":42,"column":4},"end":{"line":46,"column":null}},"type":"if","locations":[{"start":{"line":42,"column":4},"end":{"line":46,"column":null}},{"start":{},"end":{}}],"line":42},"9":{"loc":{"start":{"line":43,"column":6},"end":{"line":43,"column":null}},"type":"if","locations":[{"start":{"line":43,"column":6},"end":{"line":43,"column":null}},{"start":{},"end":{}}],"line":43},"10":{"loc":{"start":{"line":44,"column":6},"end":{"line":44,"column":null}},"type":"if","locations":[{"start":{"line":44,"column":6},"end":{"line":44,"column":null}},{"start":{},"end":{}}],"line":44},"11":{"loc":{"start":{"line":48,"column":4},"end":{"line":53,"column":null}},"type":"if","locations":[{"start":{"line":48,"column":4},"end":{"line":53,"column":null}},{"start":{},"end":{}}],"line":48},"12":{"loc":{"start":{"line":49,"column":6},"end":{"line":49,"column":null}},"type":"if","locations":[{"start":{"line":49,"column":6},"end":{"line":49,"column":null}},{"start":{},"end":{}}],"line":49},"13":{"loc":{"start":{"line":50,"column":6},"end":{"line":50,"column":null}},"type":"if","locations":[{"start":{"line":50,"column":6},"end":{"line":50,"column":null}},{"start":{},"end":{}}],"line":50},"14":{"loc":{"start":{"line":51,"column":6},"end":{"line":51,"column":null}},"type":"if","locations":[{"start":{"line":51,"column":6},"end":{"line":51,"column":null}},{"start":{},"end":{}}],"line":51},"15":{"loc":{"start":{"line":66,"column":11},"end":{"line":66,"column":null}},"type":"binary-expr","locations":[{"start":{"line":66,"column":11},"end":{"line":66,"column":28}},{"start":{"line":66,"column":28},"end":{"line":66,"column":null}}],"line":66},"16":{"loc":{"start":{"line":81,"column":9},"end":{"line":94,"column":null}},"type":"binary-expr","locations":[{"start":{"line":81,"column":9},"end":{"line":81,"column":null}},{"start":{"line":82,"column":10},"end":{"line":94,"column":null}}],"line":81},"17":{"loc":{"start":{"line":86,"column":14},"end":{"line":86,"column":null}},"type":"if","locations":[{"start":{"line":86,"column":14},"end":{"line":86,"column":null}},{"start":{},"end":{}}],"line":86},"18":{"loc":{"start":{"line":96,"column":9},"end":{"line":105,"column":null}},"type":"binary-expr","locations":[{"start":{"line":96,"column":9},"end":{"line":96,"column":null}},{"start":{"line":97,"column":10},"end":{"line":105,"column":null}}],"line":96},"19":{"loc":{"start":{"line":107,"column":9},"end":{"line":112,"column":null}},"type":"binary-expr","locations":[{"start":{"line":107,"column":9},"end":{"line":107,"column":null}},{"start":{"line":108,"column":10},"end":{"line":112,"column":null}}],"line":107},"20":{"loc":{"start":{"line":114,"column":9},"end":{"line":119,"column":null}},"type":"binary-expr","locations":[{"start":{"line":114,"column":9},"end":{"line":114,"column":30}},{"start":{"line":114,"column":30},"end":{"line":114,"column":null}},{"start":{"line":115,"column":10},"end":{"line":119,"column":null}}],"line":114},"21":{"loc":{"start":{"line":124,"column":9},"end":{"line":141,"column":null}},"type":"binary-expr","locations":[{"start":{"line":124,"column":9},"end":{"line":124,"column":null}},{"start":{"line":125,"column":10},"end":{"line":141,"column":null}}],"line":124},"22":{"loc":{"start":{"line":147,"column":51},"end":{"line":147,"column":87}},"type":"binary-expr","locations":[{"start":{"line":147,"column":51},"end":{"line":147,"column":84}},{"start":{"line":147,"column":84},"end":{"line":147,"column":87}}],"line":147},"23":{"loc":{"start":{"line":151,"column":41},"end":{"line":151,"column":63}},"type":"binary-expr","locations":[{"start":{"line":151,"column":41},"end":{"line":151,"column":58}},{"start":{"line":151,"column":58},"end":{"line":151,"column":63}}],"line":151},"24":{"loc":{"start":{"line":155,"column":4},"end":{"line":159,"column":null}},"type":"if","locations":[{"start":{"line":155,"column":4},"end":{"line":159,"column":null}},{"start":{},"end":{}}],"line":155},"25":{"loc":{"start":{"line":156,"column":22},"end":{"line":156,"column":58}},"type":"binary-expr","locations":[{"start":{"line":156,"column":22},"end":{"line":156,"column":55}},{"start":{"line":156,"column":55},"end":{"line":156,"column":58}}],"line":156},"26":{"loc":{"start":{"line":162,"column":2},"end":{"line":162,"column":null}},"type":"if","locations":[{"start":{"line":162,"column":2},"end":{"line":162,"column":null}},{"start":{},"end":{}}],"line":162},"27":{"loc":{"start":{"line":165,"column":20},"end":{"line":165,"column":null}},"type":"binary-expr","locations":[{"start":{"line":165,"column":20},"end":{"line":165,"column":30}},{"start":{"line":165,"column":30},"end":{"line":165,"column":74}},{"start":{"line":165,"column":74},"end":{"line":165,"column":99}},{"start":{"line":165,"column":99},"end":{"line":165,"column":null}}],"line":165},"28":{"loc":{"start":{"line":166,"column":26},"end":{"line":166,"column":null}},"type":"cond-expr","locations":[{"start":{"line":166,"column":39},"end":{"line":166,"column":145}},{"start":{"line":166,"column":145},"end":{"line":166,"column":null}}],"line":166},"29":{"loc":{"start":{"line":166,"column":39},"end":{"line":166,"column":145}},"type":"cond-expr","locations":[{"start":{"line":166,"column":48},"end":{"line":166,"column":67}},{"start":{"line":166,"column":67},"end":{"line":166,"column":145}}],"line":166},"30":{"loc":{"start":{"line":166,"column":67},"end":{"line":166,"column":145}},"type":"binary-expr","locations":[{"start":{"line":166,"column":67},"end":{"line":166,"column":96}},{"start":{"line":166,"column":96},"end":{"line":166,"column":145}}],"line":166},"31":{"loc":{"start":{"line":167,"column":17},"end":{"line":167,"column":null}},"type":"binary-expr","locations":[{"start":{"line":167,"column":17},"end":{"line":167,"column":31}},{"start":{"line":167,"column":31},"end":{"line":167,"column":37}},{"start":{"line":167,"column":37},"end":{"line":167,"column":null}}],"line":167},"32":{"loc":{"start":{"line":168,"column":20},"end":{"line":168,"column":null}},"type":"binary-expr","locations":[{"start":{"line":168,"column":20},"end":{"line":168,"column":31}},{"start":{"line":168,"column":31},"end":{"line":168,"column":89}},{"start":{"line":168,"column":89},"end":{"line":168,"column":null}}],"line":168},"33":{"loc":{"start":{"line":173,"column":2},"end":{"line":175,"column":null}},"type":"if","locations":[{"start":{"line":173,"column":2},"end":{"line":175,"column":null}},{"start":{},"end":{}}],"line":173},"34":{"loc":{"start":{"line":174,"column":19},"end":{"line":174,"column":null}},"type":"binary-expr","locations":[{"start":{"line":174,"column":19},"end":{"line":174,"column":115}},{"start":{"line":174,"column":115},"end":{"line":174,"column":null}}],"line":174},"35":{"loc":{"start":{"line":178,"column":4},"end":{"line":178,"column":null}},"type":"if","locations":[{"start":{"line":178,"column":4},"end":{"line":178,"column":null}},{"start":{},"end":{}}],"line":178},"36":{"loc":{"start":{"line":191,"column":20},"end":{"line":191,"column":44}},"type":"binary-expr","locations":[{"start":{"line":191,"column":20},"end":{"line":191,"column":35}},{"start":{"line":191,"column":35},"end":{"line":191,"column":44}}],"line":191},"37":{"loc":{"start":{"line":192,"column":6},"end":{"line":195,"column":null}},"type":"if","locations":[{"start":{"line":192,"column":6},"end":{"line":195,"column":null}},{"start":{},"end":{}}],"line":192},"38":{"loc":{"start":{"line":193,"column":8},"end":{"line":193,"column":null}},"type":"if","locations":[{"start":{"line":193,"column":8},"end":{"line":193,"column":null}},{"start":{},"end":{}}],"line":193},"39":{"loc":{"start":{"line":202,"column":4},"end":{"line":202,"column":null}},"type":"if","locations":[{"start":{"line":202,"column":4},"end":{"line":202,"column":null}},{"start":{},"end":{}}],"line":202},"40":{"loc":{"start":{"line":216,"column":20},"end":{"line":216,"column":44}},"type":"binary-expr","locations":[{"start":{"line":216,"column":20},"end":{"line":216,"column":35}},{"start":{"line":216,"column":35},"end":{"line":216,"column":44}}],"line":216},"41":{"loc":{"start":{"line":217,"column":6},"end":{"line":219,"column":null}},"type":"if","locations":[{"start":{"line":217,"column":6},"end":{"line":219,"column":null}},{"start":{},"end":{}}],"line":217},"42":{"loc":{"start":{"line":217,"column":10},"end":{"line":217,"column":53}},"type":"binary-expr","locations":[{"start":{"line":217,"column":10},"end":{"line":217,"column":25}},{"start":{"line":217,"column":25},"end":{"line":217,"column":53}}],"line":217},"43":{"loc":{"start":{"line":220,"column":6},"end":{"line":220,"column":null}},"type":"if","locations":[{"start":{"line":220,"column":6},"end":{"line":220,"column":null}},{"start":{},"end":{}}],"line":220},"44":{"loc":{"start":{"line":253,"column":34},"end":{"line":253,"column":78}},"type":"cond-expr","locations":[{"start":{"line":253,"column":49},"end":{"line":253,"column":58}},{"start":{"line":253,"column":58},"end":{"line":253,"column":78}}],"line":253},"45":{"loc":{"start":{"line":253,"column":82},"end":{"line":253,"column":135}},"type":"cond-expr","locations":[{"start":{"line":253,"column":97},"end":{"line":253,"column":117}},{"start":{"line":253,"column":117},"end":{"line":253,"column":135}}],"line":253},"46":{"loc":{"start":{"line":260,"column":44},"end":{"line":260,"column":93}},"type":"cond-expr","locations":[{"start":{"line":260,"column":59},"end":{"line":260,"column":76}},{"start":{"line":260,"column":76},"end":{"line":260,"column":93}}],"line":260},"47":{"loc":{"start":{"line":262,"column":17},"end":{"line":262,"column":null}},"type":"cond-expr","locations":[{"start":{"line":262,"column":33},"end":{"line":262,"column":116}},{"start":{"line":262,"column":116},"end":{"line":262,"column":null}}],"line":262},"48":{"loc":{"start":{"line":262,"column":33},"end":{"line":262,"column":116}},"type":"cond-expr","locations":[{"start":{"line":262,"column":46},"end":{"line":262,"column":111}},{"start":{"line":262,"column":111},"end":{"line":262,"column":116}}],"line":262},"49":{"loc":{"start":{"line":262,"column":46},"end":{"line":262,"column":111}},"type":"binary-expr","locations":[{"start":{"line":262,"column":46},"end":{"line":262,"column":107}},{"start":{"line":262,"column":107},"end":{"line":262,"column":111}}],"line":262},"50":{"loc":{"start":{"line":276,"column":9},"end":{"line":310,"column":null}},"type":"binary-expr","locations":[{"start":{"line":276,"column":9},"end":{"line":276,"column":19}},{"start":{"line":276,"column":19},"end":{"line":276,"column":null}},{"start":{"line":277,"column":10},"end":{"line":310,"column":null}}],"line":276},"51":{"loc":{"start":{"line":287,"column":65},"end":{"line":287,"column":125}},"type":"cond-expr","locations":[{"start":{"line":287,"column":88},"end":{"line":287,"column":117}},{"start":{"line":287,"column":117},"end":{"line":287,"column":125}}],"line":287},"52":{"loc":{"start":{"line":288,"column":64},"end":{"line":288,"column":114}},"type":"cond-expr","locations":[{"start":{"line":288,"column":87},"end":{"line":288,"column":106}},{"start":{"line":288,"column":106},"end":{"line":288,"column":114}}],"line":288},"53":{"loc":{"start":{"line":305,"column":32},"end":{"line":305,"column":66}},"type":"cond-expr","locations":[{"start":{"line":305,"column":57},"end":{"line":305,"column":63}},{"start":{"line":305,"column":63},"end":{"line":305,"column":66}}],"line":305},"54":{"loc":{"start":{"line":313,"column":9},"end":{"line":343,"column":null}},"type":"binary-expr","locations":[{"start":{"line":313,"column":9},"end":{"line":313,"column":20}},{"start":{"line":313,"column":20},"end":{"line":313,"column":null}},{"start":{"line":314,"column":10},"end":{"line":343,"column":null}}],"line":313},"55":{"loc":{"start":{"line":346,"column":9},"end":{"line":384,"column":null}},"type":"binary-expr","locations":[{"start":{"line":346,"column":9},"end":{"line":346,"column":22}},{"start":{"line":346,"column":22},"end":{"line":346,"column":null}},{"start":{"line":347,"column":10},"end":{"line":384,"column":null}}],"line":346},"56":{"loc":{"start":{"line":356,"column":21},"end":{"line":356,"column":null}},"type":"binary-expr","locations":[{"start":{"line":356,"column":21},"end":{"line":356,"column":48}},{"start":{"line":356,"column":48},"end":{"line":356,"column":null}}],"line":356},"57":{"loc":{"start":{"line":362,"column":23},"end":{"line":362,"column":60}},"type":"binary-expr","locations":[{"start":{"line":362,"column":23},"end":{"line":362,"column":50}},{"start":{"line":362,"column":50},"end":{"line":362,"column":60}}],"line":362},"58":{"loc":{"start":{"line":370,"column":16},"end":{"line":378,"column":null}},"type":"if","locations":[{"start":{"line":370,"column":16},"end":{"line":378,"column":null}},{"start":{"line":374,"column":23},"end":{"line":378,"column":null}}],"line":370},"59":{"loc":{"start":{"line":372,"column":20},"end":{"line":372,"column":null}},"type":"if","locations":[{"start":{"line":372,"column":20},"end":{"line":372,"column":null}},{"start":{},"end":{}}],"line":372},"60":{"loc":{"start":{"line":376,"column":20},"end":{"line":376,"column":null}},"type":"if","locations":[{"start":{"line":376,"column":20},"end":{"line":376,"column":null}},{"start":{},"end":{}}],"line":376},"61":{"loc":{"start":{"line":387,"column":9},"end":{"line":418,"column":null}},"type":"binary-expr","locations":[{"start":{"line":387,"column":9},"end":{"line":387,"column":19}},{"start":{"line":387,"column":19},"end":{"line":387,"column":30}},{"start":{"line":387,"column":30},"end":{"line":387,"column":47}},{"start":{"line":387,"column":47},"end":{"line":387,"column":null}},{"start":{"line":388,"column":10},"end":{"line":418,"column":null}}],"line":387},"62":{"loc":{"start":{"line":397,"column":18},"end":{"line":409,"column":null}},"type":"if","locations":[{"start":{"line":397,"column":18},"end":{"line":409,"column":null}},{"start":{},"end":{}}],"line":397},"63":{"loc":{"start":{"line":404,"column":36},"end":{"line":404,"column":60}},"type":"binary-expr","locations":[{"start":{"line":404,"column":36},"end":{"line":404,"column":51}},{"start":{"line":404,"column":51},"end":{"line":404,"column":60}}],"line":404},"64":{"loc":{"start":{"line":421,"column":9},"end":{"line":503,"column":null}},"type":"binary-expr","locations":[{"start":{"line":421,"column":9},"end":{"line":421,"column":25}},{"start":{"line":421,"column":25},"end":{"line":421,"column":36}},{"start":{"line":421,"column":36},"end":{"line":421,"column":42}},{"start":{"line":421,"column":42},"end":{"line":421,"column":66}},{"start":{"line":421,"column":66},"end":{"line":421,"column":null}},{"start":{"line":422,"column":10},"end":{"line":503,"column":null}}],"line":421},"65":{"loc":{"start":{"line":426,"column":13},"end":{"line":443,"column":null}},"type":"cond-expr","locations":[{"start":{"line":427,"column":14},"end":{"line":443,"column":null}},{"start":{"line":443,"column":16},"end":{"line":443,"column":null}}],"line":426},"66":{"loc":{"start":{"line":426,"column":13},"end":{"line":426,"column":null}},"type":"binary-expr","locations":[{"start":{"line":426,"column":13},"end":{"line":426,"column":37}},{"start":{"line":426,"column":37},"end":{"line":426,"column":null}}],"line":426},"67":{"loc":{"start":{"line":448,"column":32},"end":{"line":448,"column":59}},"type":"cond-expr","locations":[{"start":{"line":448,"column":51},"end":{"line":448,"column":57}},{"start":{"line":448,"column":57},"end":{"line":448,"column":59}}],"line":448},"68":{"loc":{"start":{"line":450,"column":16},"end":{"line":453,"column":null}},"type":"if","locations":[{"start":{"line":450,"column":16},"end":{"line":453,"column":null}},{"start":{},"end":{}}],"line":450},"69":{"loc":{"start":{"line":456,"column":18},"end":{"line":474,"column":null}},"type":"if","locations":[{"start":{"line":456,"column":18},"end":{"line":474,"column":null}},{"start":{},"end":{}}],"line":456},"70":{"loc":{"start":{"line":466,"column":36},"end":{"line":466,"column":60}},"type":"binary-expr","locations":[{"start":{"line":466,"column":36},"end":{"line":466,"column":51}},{"start":{"line":466,"column":51},"end":{"line":466,"column":60}}],"line":466},"71":{"loc":{"start":{"line":467,"column":22},"end":{"line":470,"column":null}},"type":"if","locations":[{"start":{"line":467,"column":22},"end":{"line":470,"column":null}},{"start":{},"end":{}}],"line":467},"72":{"loc":{"start":{"line":468,"column":24},"end":{"line":468,"column":null}},"type":"if","locations":[{"start":{"line":468,"column":24},"end":{"line":468,"column":null}},{"start":{},"end":{}}],"line":468},"73":{"loc":{"start":{"line":479,"column":15},"end":{"line":479,"column":null}},"type":"cond-expr","locations":[{"start":{"line":479,"column":59},"end":{"line":479,"column":75}},{"start":{"line":479,"column":75},"end":{"line":479,"column":null}}],"line":479},"74":{"loc":{"start":{"line":479,"column":15},"end":{"line":479,"column":59}},"type":"binary-expr","locations":[{"start":{"line":479,"column":15},"end":{"line":479,"column":39}},{"start":{"line":479,"column":39},"end":{"line":479,"column":59}}],"line":479},"75":{"loc":{"start":{"line":482,"column":13},"end":{"line":489,"column":null}},"type":"binary-expr","locations":[{"start":{"line":482,"column":13},"end":{"line":482,"column":37}},{"start":{"line":482,"column":37},"end":{"line":482,"column":null}},{"start":{"line":483,"column":14},"end":{"line":489,"column":null}}],"line":482},"76":{"loc":{"start":{"line":492,"column":13},"end":{"line":500,"column":null}},"type":"cond-expr","locations":[{"start":{"line":493,"column":14},"end":{"line":497,"column":15}},{"start":{"line":497,"column":14},"end":{"line":500,"column":null}}],"line":492},"77":{"loc":{"start":{"line":497,"column":14},"end":{"line":500,"column":null}},"type":"binary-expr","locations":[{"start":{"line":497,"column":14},"end":{"line":497,"column":null}},{"start":{"line":498,"column":16},"end":{"line":500,"column":null}}],"line":497},"78":{"loc":{"start":{"line":506,"column":9},"end":{"line":509,"column":null}},"type":"binary-expr","locations":[{"start":{"line":506,"column":9},"end":{"line":506,"column":23}},{"start":{"line":506,"column":23},"end":{"line":506,"column":29}},{"start":{"line":506,"column":29},"end":{"line":506,"column":40}},{"start":{"line":506,"column":40},"end":{"line":506,"column":null}},{"start":{"line":507,"column":11},"end":{"line":509,"column":null}}],"line":506}},"s":{"0":2,"1":37,"2":0,"3":37,"4":44,"5":44,"6":44,"7":44,"8":44,"9":70,"10":0,"11":70,"12":33,"13":37,"14":37,"15":0,"16":0,"17":0,"18":0,"19":0,"20":0,"21":0,"22":0,"23":0,"24":0,"25":0,"26":0,"27":0,"28":0,"29":0,"30":0,"31":0,"32":0,"33":0,"34":0,"35":0,"36":0,"37":0,"38":44,"39":0,"40":15,"41":15,"42":107,"43":77,"44":77,"45":110,"46":77,"47":7,"48":70,"49":0,"50":4,"51":5,"52":5,"53":31,"54":31,"55":31,"56":31,"57":31,"58":31,"59":31,"60":15,"61":15,"62":15,"63":15,"64":31,"65":0,"66":31,"67":31,"68":31,"69":31,"70":31,"71":31,"72":31,"73":31,"74":11,"75":22,"76":0,"77":31,"78":3,"79":0,"80":3,"81":3,"82":2,"83":2,"84":3,"85":2,"86":2,"87":2,"88":1,"89":31,"90":2,"91":0,"92":2,"93":2,"94":1,"95":1,"96":2,"97":1,"98":1,"99":1,"100":1,"101":1,"102":31,"103":22,"104":3,"105":0,"106":1,"107":5,"108":4,"109":4,"110":4,"111":1,"112":1,"113":1,"114":1,"115":1,"116":1,"117":1,"118":1,"119":1,"120":1,"121":0,"122":1,"123":5,"124":3,"125":3,"126":2,"127":2,"128":2,"129":2,"130":1,"131":1,"132":2,"133":1,"134":1,"135":1,"136":1,"137":1},"f":{"0":37,"1":44,"2":70,"3":0,"4":0,"5":15,"6":107,"7":77,"8":77,"9":110,"10":0,"11":4,"12":5,"13":31,"14":15,"15":22,"16":0,"17":3,"18":2,"19":2,"20":1,"21":1,"22":22,"23":3,"24":0,"25":1,"26":5,"27":4,"28":1,"29":1,"30":1,"31":1,"32":1,"33":5,"34":2,"35":1,"36":1},"b":{"0":[0,37],"1":[0,70],"2":[33,37],"3":[70,70],"4":[37,0],"5":[0,0],"6":[0,0],"7":[0,0],"8":[0,0],"9":[0,0],"10":[0,0],"11":[0,0],"12":[0,0],"13":[0,0],"14":[0,0],"15":[44,0],"16":[44,44],"17":[7,70],"18":[44,0],"19":[44,0],"20":[44,0,0],"21":[44,16],"22":[31,0],"23":[31,0],"24":[15,0],"25":[15,0],"26":[0,31],"27":[31,21,20,17],"28":[12,19],"29":[10,2],"30":[2,1],"31":[31,31,31],"32":[31,21,21],"33":[11,20],"34":[11,11],"35":[0,3],"36":[3,0],"37":[2,1],"38":[2,0],"39":[0,2],"40":[2,0],"41":[1,1],"42":[2,1],"43":[1,0],"44":[30,1],"45":[30,1],"46":[11,20],"47":[11,20],"48":[11,0],"49":[11,0],"50":[31,10,9],"51":[2,7],"52":[4,5],"53":[3,6],"54":[31,21,11],"55":[31,11,11],"56":[11,0],"57":[11,0],"58":[4,1],"59":[4,0],"60":[1,0],"61":[31,2,1,1,1],"62":[1,0],"63":[1,0],"64":[31,11,10,10,10,10],"65":[6,4],"66":[10,6],"67":[0,10],"68":[3,2],"69":[2,0],"70":[2,0],"71":[1,1],"72":[1,0],"73":[6,4],"74":[10,6],"75":[10,6,6],"76":[0,10],"77":[10,4],"78":[31,20,20,10,0]},"meta":{"lastBranch":79,"lastFunction":37,"lastStatement":138,"seen":{"s:6:15:6:Infinity":0,"f:8:9:8:25":0,"b:9:2:9:Infinity:undefined:undefined:undefined:undefined":0,"s:9:2:9:Infinity":1,"s:9:15:9:Infinity":2,"s:10:2:10:Infinity":3,"f:13:24:13:32":1,"s:14:25:14:Infinity":4,"s:15:18:15:Infinity":5,"s:16:25:16:Infinity":6,"s:19:24:19:Infinity":7,"s:22:8:56:Infinity":8,"f:22:8:22:27":2,"b:23:4:23:Infinity:undefined:undefined:undefined:undefined":1,"s:23:4:23:Infinity":9,"s:23:17:23:Infinity":10,"b:26:4:28:Infinity:undefined:undefined:undefined:undefined":2,"s:26:4:28:Infinity":11,"b:26:8:26:22:26:22:26:48":3,"s:27:6:27:Infinity":12,"b:30:4:32:Infinity:undefined:undefined:undefined:undefined":4,"s:30:4:32:Infinity":13,"s:31:6:31:Infinity":14,"s:34:17:34:Infinity":15,"f:34:29:34:34":3,"s:34:39:34:54":16,"b:35:4:35:Infinity:undefined:undefined:undefined:undefined":5,"s:35:4:35:Infinity":17,"s:35:15:35:Infinity":18,"b:37:4:40:Infinity:undefined:undefined:undefined:undefined":6,"s:37:4:40:Infinity":19,"b:38:6:38:Infinity:undefined:undefined:undefined:undefined":7,"s:38:6:38:Infinity":20,"s:38:28:38:Infinity":21,"s:39:6:39:Infinity":22,"b:42:4:46:Infinity:undefined:undefined:undefined:undefined":8,"s:42:4:46:Infinity":23,"b:43:6:43:Infinity:undefined:undefined:undefined:undefined":9,"s:43:6:43:Infinity":24,"s:43:40:43:Infinity":25,"b:44:6:44:Infinity:undefined:undefined:undefined:undefined":10,"s:44:6:44:Infinity":26,"s:44:39:44:Infinity":27,"s:45:6:45:Infinity":28,"b:48:4:53:Infinity:undefined:undefined:undefined:undefined":11,"s:48:4:53:Infinity":29,"b:49:6:49:Infinity:undefined:undefined:undefined:undefined":12,"s:49:6:49:Infinity":30,"s:49:26:49:Infinity":31,"b:50:6:50:Infinity:undefined:undefined:undefined:undefined":13,"s:50:6:50:Infinity":32,"s:50:63:50:Infinity":33,"b:51:6:51:Infinity:undefined:undefined:undefined:undefined":14,"s:51:6:51:Infinity":34,"s:51:66:51:Infinity":35,"s:52:6:52:Infinity":36,"s:55:4:55:Infinity":37,"s:58:2:142:Infinity":38,"f:62:32:62:43":4,"s:62:49:62:77":39,"b:66:11:66:28:66:28:66:Infinity":15,"f:73:8:73:24":5,"s:74:10:74:Infinity":40,"s:75:10:75:Infinity":41,"b:81:9:81:Infinity:82:10:94:Infinity":16,"f:84:46:84:53":6,"s:84:58:84:65":42,"f:84:67:84:71":7,"s:84:76:84:86":43,"f:84:90:84:94":8,"s:85:27:85:Infinity":44,"f:85:39:85:44":9,"s:85:49:85:65":45,"b:86:14:86:Infinity:undefined:undefined:undefined:undefined":17,"s:86:14:86:Infinity":46,"s:86:25:86:Infinity":47,"s:87:14:91:Infinity":48,"b:96:9:96:Infinity:97:10:105:Infinity":18,"f:99:30:99:34":10,"s:100:14:103:Infinity":49,"b:107:9:107:Infinity:108:10:112:Infinity":19,"b:114:9:114:30:114:30:114:Infinity:115:10:119:Infinity":20,"b:124:9:124:Infinity:125:10:141:Infinity":21,"f:130:12:130:27":11,"s:130:27:130:Infinity":50,"f:131:12:131:23":12,"s:132:14:132:Infinity":51,"s:133:14:133:Infinity":52,"f:146:9:146:21":13,"s:147:23:147:Infinity":53,"b:147:51:147:84:147:84:147:87":22,"s:148:27:148:Infinity":54,"s:149:22:149:Infinity":55,"s:150:31:150:Infinity":56,"s:151:30:151:Infinity":57,"b:151:41:151:58:151:58:151:63":23,"s:152:27:152:Infinity":58,"s:154:2:160:Infinity":59,"f:154:2:154:18":14,"b:155:4:159:Infinity:undefined:undefined:undefined:undefined":24,"s:155:4:159:Infinity":60,"s:156:6:156:Infinity":61,"b:156:22:156:55:156:55:156:58":25,"s:157:6:157:Infinity":62,"s:158:6:158:Infinity":63,"b:162:2:162:Infinity:undefined:undefined:undefined:undefined":26,"s:162:2:162:Infinity":64,"s:162:15:162:Infinity":65,"s:164:17:164:Infinity":66,"s:165:20:165:Infinity":67,"b:165:20:165:30:165:30:165:74:165:74:165:99:165:99:165:Infinity":27,"s:166:26:166:Infinity":68,"b:166:39:166:145:166:145:166:Infinity":28,"b:166:48:166:67:166:67:166:145":29,"b:166:67:166:96:166:96:166:145":30,"s:167:17:167:Infinity":69,"b:167:17:167:31:167:31:167:37:167:37:167:Infinity":31,"s:168:20:168:Infinity":70,"b:168:20:168:31:168:31:168:89:168:89:168:Infinity":32,"s:170:23:170:Infinity":71,"s:172:21:172:Infinity":72,"b:173:2:175:Infinity:undefined:undefined:undefined:undefined":33,"s:173:2:175:Infinity":73,"s:174:4:174:Infinity":74,"b:174:19:174:115:174:115:174:Infinity":34,"f:174:32:174:39":15,"s:174:44:174:69":75,"f:174:71:174:79":16,"s:174:90:174:109":76,"s:177:31:199:Infinity":77,"f:177:31:177:43":17,"b:178:4:178:Infinity:undefined:undefined:undefined:undefined":35,"s:178:4:178:Infinity":78,"s:178:32:178:Infinity":79,"s:179:4:198:Infinity":80,"s:180:18:190:Infinity":81,"f:190:9:190:14":18,"s:190:19:190:27":82,"s:191:6:191:Infinity":83,"b:191:20:191:35:191:35:191:44":36,"b:192:6:195:Infinity:undefined:undefined:undefined:undefined":37,"s:192:6:195:Infinity":84,"b:193:8:193:Infinity:undefined:undefined:undefined:undefined":38,"s:193:8:193:Infinity":85,"s:193:24:193:Infinity":86,"s:194:8:194:Infinity":87,"s:197:6:197:Infinity":88,"s:201:22:224:Infinity":89,"f:201:22:201:34":19,"b:202:4:202:Infinity:undefined:undefined:undefined:undefined":39,"s:202:4:202:Infinity":90,"s:202:26:202:Infinity":91,"s:203:4:223:Infinity":92,"s:204:18:214:Infinity":93,"f:214:9:214:14":20,"s:214:19:214:27":94,"s:216:6:216:Infinity":95,"b:216:20:216:35:216:35:216:44":40,"b:217:6:219:Infinity:undefined:undefined:undefined:undefined":41,"s:217:6:219:Infinity":96,"b:217:10:217:25:217:25:217:53":42,"s:218:8:218:Infinity":97,"f:218:8:218:26":21,"s:218:35:218:74":98,"b:220:6:220:Infinity:undefined:undefined:undefined:undefined":43,"s:220:6:220:Infinity":99,"s:220:22:220:Infinity":100,"s:222:6:222:Infinity":101,"s:226:2:512:Infinity":102,"b:253:49:253:58:253:58:253:78":44,"b:253:97:253:117:253:117:253:135":45,"b:260:59:260:76:260:76:260:93":46,"b:262:33:262:116:262:116:262:Infinity":47,"b:262:46:262:111:262:111:262:116":48,"b:262:46:262:107:262:107:262:111":49,"f:262:59:262:64":22,"s:262:69:262:91":103,"b:276:9:276:19:276:19:276:Infinity:277:10:310:Infinity":50,"b:287:88:287:117:287:117:287:125":51,"b:288:87:288:106:288:106:288:114":52,"f:295:16:295:27":23,"s:295:33:295:Infinity":104,"b:305:57:305:63:305:63:305:66":53,"b:313:9:313:20:313:20:313:Infinity:314:10:343:Infinity":54,"f:332:16:332:27":24,"s:332:33:332:Infinity":105,"b:346:9:346:22:346:22:346:Infinity:347:10:384:Infinity":55,"b:356:21:356:48:356:48:356:Infinity":56,"f:359:16:359:27":25,"s:359:33:359:Infinity":106,"b:362:23:362:50:362:50:362:60":57,"f:369:14:369:29":26,"b:370:16:378:Infinity:374:23:378:Infinity":58,"s:370:16:378:Infinity":107,"s:371:18:373:Infinity":108,"f:371:152:371:173":27,"b:372:20:372:Infinity:undefined:undefined:undefined:undefined":59,"s:372:20:372:Infinity":109,"s:372:33:372:Infinity":110,"s:375:18:377:Infinity":111,"f:375:98:375:103":28,"b:376:20:376:Infinity:undefined:undefined:undefined:undefined":60,"s:376:20:376:Infinity":112,"s:376:33:376:Infinity":113,"b:387:9:387:19:387:19:387:30:387:30:387:47:387:47:387:Infinity:388:10:418:Infinity":61,"f:395:23:395:35":29,"s:396:16:410:Infinity":114,"f:396:95:396:102":30,"b:397:18:409:Infinity:undefined:undefined:undefined:undefined":62,"s:397:18:409:Infinity":115,"s:398:20:408:Infinity":116,"s:399:34:403:Infinity":117,"f:403:25:403:30":31,"s:403:35:403:43":118,"s:404:22:404:Infinity":119,"b:404:36:404:51:404:51:404:60":63,"s:405:22:405:Infinity":120,"s:407:22:407:Infinity":121,"b:421:9:421:25:421:25:421:36:421:36:421:42:421:42:421:66:421:66:421:Infinity:422:10:503:Infinity":64,"b:427:14:443:Infinity:443:16:443:Infinity":65,"b:426:13:426:37:426:37:426:Infinity":66,"f:434:18:434:29":32,"s:434:35:434:Infinity":122,"b:448:51:448:57:448:57:448:59":67,"f:449:23:449:35":33,"b:450:16:453:Infinity:undefined:undefined:undefined:undefined":68,"s:450:16:453:Infinity":123,"s:451:18:451:Infinity":124,"s:452:18:452:Infinity":125,"s:455:16:475:Infinity":126,"f:455:108:455:115":34,"b:456:18:474:Infinity:undefined:undefined:undefined:undefined":69,"s:456:18:474:Infinity":127,"s:457:20:473:Infinity":128,"s:458:34:465:Infinity":129,"f:465:25:465:30":35,"s:465:35:465:43":130,"s:466:22:466:Infinity":131,"b:466:36:466:51:466:51:466:60":70,"b:467:22:470:Infinity:undefined:undefined:undefined:undefined":71,"s:467:22:470:Infinity":132,"b:468:24:468:Infinity:undefined:undefined:undefined:undefined":72,"s:468:24:468:Infinity":133,"s:468:40:468:Infinity":134,"s:469:24:469:Infinity":135,"s:472:22:472:Infinity":136,"b:479:59:479:75:479:75:479:Infinity":73,"b:479:15:479:39:479:39:479:59":74,"b:482:13:482:37:482:37:482:Infinity:483:14:489:Infinity":75,"f:485:16:485:31":36,"s:485:31:485:Infinity":137,"b:493:14:497:15:497:14:500:Infinity":76,"b:497:14:497:Infinity:498:16:500:Infinity":77,"b:506:9:506:23:506:23:506:29:506:29:506:40:506:40:506:Infinity:507:11:509:Infinity":78},"fnNames":{}}}
,"D:\\Code\\ThronesBot\\webapp\\src\\components\\ProfileView.jsx": {"path":"D:\\Code\\ThronesBot\\webapp\\src\\components\\ProfileView.jsx","statementMap":{"0":{"start":{"line":7,"column":2},"end":{"line":7,"column":null}},"1":{"start":{"line":7,"column":11},"end":{"line":7,"column":null}},"2":{"start":{"line":13,"column":8},"end":{"line":19,"column":null}},"3":{"start":{"line":14,"column":4},"end":{"line":18,"column":null}},"4":{"start":{"line":15,"column":19},"end":{"line":15,"column":null}},"5":{"start":{"line":16,"column":21},"end":{"line":16,"column":null}},"6":{"start":{"line":17,"column":15},"end":{"line":17,"column":null}},"7":{"start":{"line":21,"column":17},"end":{"line":21,"column":null}},"8":{"start":{"line":22,"column":21},"end":{"line":22,"column":null}},"9":{"start":{"line":23,"column":19},"end":{"line":23,"column":null}},"10":{"start":{"line":25,"column":22},"end":{"line":25,"column":null}},"11":{"start":{"line":25,"column":45},"end":{"line":25,"column":64}},"12":{"start":{"line":26,"column":21},"end":{"line":26,"column":null}},"13":{"start":{"line":27,"column":27},"end":{"line":27,"column":null}},"14":{"start":{"line":27,"column":54},"end":{"line":27,"column":73}},"15":{"start":{"line":28,"column":26},"end":{"line":28,"column":null}},"16":{"start":{"line":28,"column":51},"end":{"line":28,"column":102}},"17":{"start":{"line":29,"column":20},"end":{"line":29,"column":null}},"18":{"start":{"line":29,"column":47},"end":{"line":29,"column":107}},"19":{"start":{"line":30,"column":19},"end":{"line":30,"column":null}},"20":{"start":{"line":30,"column":48},"end":{"line":30,"column":79}},"21":{"start":{"line":31,"column":26},"end":{"line":31,"column":null}},"22":{"start":{"line":33,"column":27},"end":{"line":33,"column":null}},"23":{"start":{"line":34,"column":25},"end":{"line":34,"column":null}},"24":{"start":{"line":36,"column":25},"end":{"line":56,"column":null}},"25":{"start":{"line":37,"column":4},"end":{"line":37,"column":null}},"26":{"start":{"line":37,"column":50},"end":{"line":37,"column":null}},"27":{"start":{"line":38,"column":4},"end":{"line":38,"column":null}},"28":{"start":{"line":39,"column":4},"end":{"line":55,"column":null}},"29":{"start":{"line":40,"column":18},"end":{"line":47,"column":null}},"30":{"start":{"line":47,"column":19},"end":{"line":47,"column":27}},"31":{"start":{"line":48,"column":6},"end":{"line":48,"column":null}},"32":{"start":{"line":49,"column":6},"end":{"line":52,"column":null}},"33":{"start":{"line":50,"column":8},"end":{"line":50,"column":null}},"34":{"start":{"line":51,"column":8},"end":{"line":51,"column":null}},"35":{"start":{"line":51,"column":24},"end":{"line":51,"column":null}},"36":{"start":{"line":54,"column":6},"end":{"line":54,"column":null}},"37":{"start":{"line":58,"column":2},"end":{"line":326,"column":null}},"38":{"start":{"line":63,"column":86},"end":{"line":63,"column":108}},"39":{"start":{"line":97,"column":14},"end":{"line":97,"column":null}},"40":{"start":{"line":111,"column":38},"end":{"line":111,"column":55}},"41":{"start":{"line":112,"column":35},"end":{"line":112,"column":null}},"42":{"start":{"line":113,"column":36},"end":{"line":113,"column":null}},"43":{"start":{"line":113,"column":63},"end":{"line":113,"column":117}},"44":{"start":{"line":114,"column":35},"end":{"line":114,"column":null}},"45":{"start":{"line":114,"column":68},"end":{"line":114,"column":99}},"46":{"start":{"line":115,"column":36},"end":{"line":115,"column":null}},"47":{"start":{"line":117,"column":14},"end":{"line":127,"column":null}},"48":{"start":{"line":151,"column":16},"end":{"line":168,"column":null}},"49":{"start":{"line":152,"column":18},"end":{"line":167,"column":null}},"50":{"start":{"line":153,"column":20},"end":{"line":166,"column":null}},"51":{"start":{"line":154,"column":34},"end":{"line":161,"column":null}},"52":{"start":{"line":161,"column":35},"end":{"line":161,"column":43}},"53":{"start":{"line":162,"column":22},"end":{"line":162,"column":null}},"54":{"start":{"line":163,"column":22},"end":{"line":163,"column":null}},"55":{"start":{"line":163,"column":53},"end":{"line":163,"column":null}},"56":{"start":{"line":165,"column":22},"end":{"line":165,"column":null}},"57":{"start":{"line":186,"column":42},"end":{"line":186,"column":100}},"58":{"start":{"line":187,"column":18},"end":{"line":187,"column":null}},"59":{"start":{"line":194,"column":39},"end":{"line":194,"column":null}},"60":{"start":{"line":195,"column":35},"end":{"line":195,"column":null}},"61":{"start":{"line":196,"column":18},"end":{"line":196,"column":null}},"62":{"start":{"line":196,"column":33},"end":{"line":196,"column":null}},"63":{"start":{"line":198,"column":37},"end":{"line":198,"column":null}},"64":{"start":{"line":199,"column":18},"end":{"line":215,"column":null}},"65":{"start":{"line":200,"column":20},"end":{"line":214,"column":null}},"66":{"start":{"line":201,"column":22},"end":{"line":213,"column":null}},"67":{"start":{"line":202,"column":36},"end":{"line":209,"column":null}},"68":{"start":{"line":209,"column":37},"end":{"line":209,"column":45}},"69":{"start":{"line":210,"column":24},"end":{"line":210,"column":null}},"70":{"start":{"line":212,"column":24},"end":{"line":212,"column":null}},"71":{"start":{"line":227,"column":31},"end":{"line":227,"column":null}},"72":{"start":{"line":233,"column":18},"end":{"line":233,"column":null}},"73":{"start":{"line":248,"column":37},"end":{"line":248,"column":null}},"74":{"start":{"line":255,"column":41},"end":{"line":255,"column":null}},"75":{"start":{"line":255,"column":67},"end":{"line":255,"column":91}},"76":{"start":{"line":256,"column":22},"end":{"line":258,"column":null}},"77":{"start":{"line":257,"column":24},"end":{"line":257,"column":null}},"78":{"start":{"line":257,"column":37},"end":{"line":257,"column":null}},"79":{"start":{"line":294,"column":34},"end":{"line":294,"column":null}},"80":{"start":{"line":295,"column":29},"end":{"line":295,"column":null}},"81":{"start":{"line":296,"column":16},"end":{"line":296,"column":null}},"82":{"start":{"line":296,"column":27},"end":{"line":296,"column":null}},"83":{"start":{"line":298,"column":16},"end":{"line":318,"column":null}},"84":{"start":{"line":299,"column":18},"end":{"line":317,"column":null}},"85":{"start":{"line":300,"column":20},"end":{"line":316,"column":null}},"86":{"start":{"line":301,"column":34},"end":{"line":308,"column":null}},"87":{"start":{"line":308,"column":35},"end":{"line":308,"column":43}},"88":{"start":{"line":309,"column":22},"end":{"line":309,"column":null}},"89":{"start":{"line":310,"column":22},"end":{"line":313,"column":null}},"90":{"start":{"line":311,"column":24},"end":{"line":311,"column":null}},"91":{"start":{"line":311,"column":39},"end":{"line":311,"column":null}},"92":{"start":{"line":312,"column":24},"end":{"line":312,"column":null}},"93":{"start":{"line":312,"column":40},"end":{"line":312,"column":null}},"94":{"start":{"line":315,"column":22},"end":{"line":315,"column":null}}},"fnMap":{"0":{"name":"ProfileView","decl":{"start":{"line":4,"column":24},"end":{"line":4,"column":36}},"loc":{"start":{"line":4,"column":67},"end":{"line":328,"column":null}},"line":4},"1":{"name":"(anonymous_1)","decl":{"start":{"line":13,"column":8},"end":{"line":13,"column":24}},"loc":{"start":{"line":13,"column":33},"end":{"line":19,"column":null}},"line":13},"2":{"name":"(anonymous_2)","decl":{"start":{"line":25,"column":35},"end":{"line":25,"column":40}},"loc":{"start":{"line":25,"column":45},"end":{"line":25,"column":64}},"line":25},"3":{"name":"(anonymous_3)","decl":{"start":{"line":27,"column":44},"end":{"line":27,"column":49}},"loc":{"start":{"line":27,"column":54},"end":{"line":27,"column":73}},"line":27},"4":{"name":"(anonymous_4)","decl":{"start":{"line":28,"column":39},"end":{"line":28,"column":46}},"loc":{"start":{"line":28,"column":51},"end":{"line":28,"column":102}},"line":28},"5":{"name":"(anonymous_5)","decl":{"start":{"line":29,"column":35},"end":{"line":29,"column":42}},"loc":{"start":{"line":29,"column":47},"end":{"line":29,"column":107}},"line":29},"6":{"name":"(anonymous_6)","decl":{"start":{"line":30,"column":29},"end":{"line":30,"column":37}},"loc":{"start":{"line":30,"column":48},"end":{"line":30,"column":79}},"line":30},"7":{"name":"(anonymous_7)","decl":{"start":{"line":36,"column":25},"end":{"line":36,"column":37}},"loc":{"start":{"line":36,"column":37},"end":{"line":56,"column":null}},"line":36},"8":{"name":"(anonymous_8)","decl":{"start":{"line":47,"column":9},"end":{"line":47,"column":14}},"loc":{"start":{"line":47,"column":19},"end":{"line":47,"column":27}},"line":47},"9":{"name":"(anonymous_9)","decl":{"start":{"line":63,"column":71},"end":{"line":63,"column":86}},"loc":{"start":{"line":63,"column":86},"end":{"line":63,"column":108}},"line":63},"10":{"name":"(anonymous_10)","decl":{"start":{"line":96,"column":23},"end":{"line":96,"column":27}},"loc":{"start":{"line":97,"column":14},"end":{"line":97,"column":null}},"line":97},"11":{"name":"(anonymous_11)","decl":{"start":{"line":111,"column":26},"end":{"line":111,"column":33}},"loc":{"start":{"line":111,"column":38},"end":{"line":111,"column":55}},"line":111},"12":{"name":"(anonymous_12)","decl":{"start":{"line":111,"column":57},"end":{"line":111,"column":61}},"loc":{"start":{"line":111,"column":66},"end":{"line":129,"column":13}},"line":111},"13":{"name":"(anonymous_13)","decl":{"start":{"line":113,"column":51},"end":{"line":113,"column":58}},"loc":{"start":{"line":113,"column":63},"end":{"line":113,"column":117}},"line":113},"14":{"name":"(anonymous_14)","decl":{"start":{"line":114,"column":49},"end":{"line":114,"column":57}},"loc":{"start":{"line":114,"column":68},"end":{"line":114,"column":99}},"line":114},"15":{"name":"(anonymous_15)","decl":{"start":{"line":150,"column":14},"end":{"line":150,"column":29}},"loc":{"start":{"line":150,"column":29},"end":{"line":169,"column":null}},"line":150},"16":{"name":"(anonymous_16)","decl":{"start":{"line":151,"column":110},"end":{"line":151,"column":117}},"loc":{"start":{"line":151,"column":129},"end":{"line":168,"column":17}},"line":151},"17":{"name":"(anonymous_17)","decl":{"start":{"line":161,"column":25},"end":{"line":161,"column":30}},"loc":{"start":{"line":161,"column":35},"end":{"line":161,"column":43}},"line":161},"18":{"name":"(anonymous_18)","decl":{"start":{"line":186,"column":30},"end":{"line":186,"column":37}},"loc":{"start":{"line":186,"column":42},"end":{"line":186,"column":100}},"line":186},"19":{"name":"(anonymous_19)","decl":{"start":{"line":186,"column":102},"end":{"line":186,"column":106}},"loc":{"start":{"line":187,"column":18},"end":{"line":187,"column":null}},"line":187},"20":{"name":"(anonymous_20)","decl":{"start":{"line":193,"column":25},"end":{"line":193,"column":37}},"loc":{"start":{"line":193,"column":37},"end":{"line":216,"column":null}},"line":193},"21":{"name":"(anonymous_21)","decl":{"start":{"line":199,"column":79},"end":{"line":199,"column":86}},"loc":{"start":{"line":199,"column":98},"end":{"line":215,"column":19}},"line":199},"22":{"name":"(anonymous_22)","decl":{"start":{"line":209,"column":27},"end":{"line":209,"column":32}},"loc":{"start":{"line":209,"column":37},"end":{"line":209,"column":45}},"line":209},"23":{"name":"(anonymous_23)","decl":{"start":{"line":227,"column":16},"end":{"line":227,"column":26}},"loc":{"start":{"line":227,"column":31},"end":{"line":227,"column":null}},"line":227},"24":{"name":"(anonymous_24)","decl":{"start":{"line":232,"column":33},"end":{"line":232,"column":37}},"loc":{"start":{"line":233,"column":18},"end":{"line":233,"column":null}},"line":233},"25":{"name":"(anonymous_25)","decl":{"start":{"line":248,"column":20},"end":{"line":248,"column":31}},"loc":{"start":{"line":248,"column":37},"end":{"line":248,"column":null}},"line":248},"26":{"name":"(anonymous_26)","decl":{"start":{"line":254,"column":20},"end":{"line":254,"column":35}},"loc":{"start":{"line":254,"column":35},"end":{"line":259,"column":null}},"line":254},"27":{"name":"(anonymous_27)","decl":{"start":{"line":255,"column":57},"end":{"line":255,"column":62}},"loc":{"start":{"line":255,"column":67},"end":{"line":255,"column":91}},"line":255},"28":{"name":"(anonymous_28)","decl":{"start":{"line":256,"column":96},"end":{"line":256,"column":101}},"loc":{"start":{"line":256,"column":113},"end":{"line":258,"column":23}},"line":256},"29":{"name":"(anonymous_29)","decl":{"start":{"line":293,"column":23},"end":{"line":293,"column":35}},"loc":{"start":{"line":293,"column":35},"end":{"line":319,"column":null}},"line":293},"30":{"name":"(anonymous_30)","decl":{"start":{"line":298,"column":62},"end":{"line":298,"column":69}},"loc":{"start":{"line":298,"column":81},"end":{"line":318,"column":17}},"line":298},"31":{"name":"(anonymous_31)","decl":{"start":{"line":308,"column":25},"end":{"line":308,"column":30}},"loc":{"start":{"line":308,"column":35},"end":{"line":308,"column":43}},"line":308}},"branchMap":{"0":{"loc":{"start":{"line":7,"column":2},"end":{"line":7,"column":null}},"type":"if","locations":[{"start":{"line":7,"column":2},"end":{"line":7,"column":null}},{"start":{},"end":{}}],"line":7},"1":{"loc":{"start":{"line":14,"column":4},"end":{"line":18,"column":null}},"type":"switch","locations":[{"start":{"line":15,"column":6},"end":{"line":15,"column":null}},{"start":{"line":16,"column":6},"end":{"line":16,"column":null}},{"start":{"line":17,"column":6},"end":{"line":17,"column":null}}],"line":14},"2":{"loc":{"start":{"line":23,"column":19},"end":{"line":23,"column":null}},"type":"cond-expr","locations":[{"start":{"line":23,"column":32},"end":{"line":23,"column":40}},{"start":{"line":23,"column":40},"end":{"line":23,"column":null}}],"line":23},"3":{"loc":{"start":{"line":23,"column":40},"end":{"line":23,"column":null}},"type":"binary-expr","locations":[{"start":{"line":23,"column":40},"end":{"line":23,"column":56}},{"start":{"line":23,"column":56},"end":{"line":23,"column":null}}],"line":23},"4":{"loc":{"start":{"line":28,"column":26},"end":{"line":28,"column":null}},"type":"binary-expr","locations":[{"start":{"line":28,"column":26},"end":{"line":28,"column":107}},{"start":{"line":28,"column":107},"end":{"line":28,"column":null}}],"line":28},"5":{"loc":{"start":{"line":28,"column":51},"end":{"line":28,"column":102}},"type":"binary-expr","locations":[{"start":{"line":28,"column":51},"end":{"line":28,"column":83}},{"start":{"line":28,"column":83},"end":{"line":28,"column":102}}],"line":28},"6":{"loc":{"start":{"line":29,"column":20},"end":{"line":29,"column":null}},"type":"binary-expr","locations":[{"start":{"line":29,"column":20},"end":{"line":29,"column":112}},{"start":{"line":29,"column":112},"end":{"line":29,"column":null}}],"line":29},"7":{"loc":{"start":{"line":29,"column":47},"end":{"line":29,"column":107}},"type":"binary-expr","locations":[{"start":{"line":29,"column":47},"end":{"line":29,"column":77}},{"start":{"line":29,"column":77},"end":{"line":29,"column":107}}],"line":29},"8":{"loc":{"start":{"line":30,"column":19},"end":{"line":30,"column":null}},"type":"binary-expr","locations":[{"start":{"line":30,"column":19},"end":{"line":30,"column":85}},{"start":{"line":30,"column":85},"end":{"line":30,"column":null}}],"line":30},"9":{"loc":{"start":{"line":30,"column":55},"end":{"line":30,"column":79}},"type":"binary-expr","locations":[{"start":{"line":30,"column":55},"end":{"line":30,"column":74}},{"start":{"line":30,"column":74},"end":{"line":30,"column":79}}],"line":30},"10":{"loc":{"start":{"line":31,"column":49},"end":{"line":31,"column":75}},"type":"binary-expr","locations":[{"start":{"line":31,"column":49},"end":{"line":31,"column":73}},{"start":{"line":31,"column":73},"end":{"line":31,"column":75}}],"line":31},"11":{"loc":{"start":{"line":37,"column":4},"end":{"line":37,"column":null}},"type":"if","locations":[{"start":{"line":37,"column":4},"end":{"line":37,"column":null}},{"start":{},"end":{}}],"line":37},"12":{"loc":{"start":{"line":37,"column":8},"end":{"line":37,"column":50}},"type":"binary-expr","locations":[{"start":{"line":37,"column":8},"end":{"line":37,"column":29}},{"start":{"line":37,"column":29},"end":{"line":37,"column":50}}],"line":37},"13":{"loc":{"start":{"line":48,"column":20},"end":{"line":48,"column":44}},"type":"binary-expr","locations":[{"start":{"line":48,"column":20},"end":{"line":48,"column":35}},{"start":{"line":48,"column":35},"end":{"line":48,"column":44}}],"line":48},"14":{"loc":{"start":{"line":49,"column":6},"end":{"line":52,"column":null}},"type":"if","locations":[{"start":{"line":49,"column":6},"end":{"line":52,"column":null}},{"start":{},"end":{}}],"line":49},"15":{"loc":{"start":{"line":51,"column":8},"end":{"line":51,"column":null}},"type":"if","locations":[{"start":{"line":51,"column":8},"end":{"line":51,"column":null}},{"start":{},"end":{}}],"line":51},"16":{"loc":{"start":{"line":61,"column":46},"end":{"line":61,"column":null}},"type":"cond-expr","locations":[{"start":{"line":61,"column":57},"end":{"line":61,"column":117}},{"start":{"line":61,"column":117},"end":{"line":61,"column":null}}],"line":61},"17":{"loc":{"start":{"line":62,"column":11},"end":{"line":62,"column":null}},"type":"binary-expr","locations":[{"start":{"line":62,"column":11},"end":{"line":62,"column":24}},{"start":{"line":62,"column":24},"end":{"line":62,"column":null}}],"line":62},"18":{"loc":{"start":{"line":63,"column":11},"end":{"line":64,"column":null}},"type":"binary-expr","locations":[{"start":{"line":63,"column":11},"end":{"line":63,"column":23}},{"start":{"line":63,"column":23},"end":{"line":64,"column":null}}],"line":63},"19":{"loc":{"start":{"line":95,"column":13},"end":{"line":95,"column":null}},"type":"binary-expr","locations":[{"start":{"line":95,"column":13},"end":{"line":95,"column":39}},{"start":{"line":95,"column":39},"end":{"line":95,"column":null}}],"line":95},"20":{"loc":{"start":{"line":97,"column":151},"end":{"line":97,"column":179}},"type":"binary-expr","locations":[{"start":{"line":97,"column":151},"end":{"line":97,"column":170}},{"start":{"line":97,"column":170},"end":{"line":97,"column":179}}],"line":97},"21":{"loc":{"start":{"line":99,"column":13},"end":{"line":99,"column":null}},"type":"binary-expr","locations":[{"start":{"line":99,"column":13},"end":{"line":99,"column":36}},{"start":{"line":99,"column":36},"end":{"line":99,"column":null}}],"line":99},"22":{"loc":{"start":{"line":105,"column":7},"end":{"line":131,"column":null}},"type":"binary-expr","locations":[{"start":{"line":105,"column":7},"end":{"line":105,"column":null}},{"start":{"line":106,"column":8},"end":{"line":131,"column":null}}],"line":105},"23":{"loc":{"start":{"line":112,"column":35},"end":{"line":112,"column":null}},"type":"cond-expr","locations":[{"start":{"line":112,"column":63},"end":{"line":112,"column":70}},{"start":{"line":112,"column":70},"end":{"line":112,"column":null}}],"line":112},"24":{"loc":{"start":{"line":112,"column":
[...]
ine":92,"column":35},"end":{"line":92,"column":44}}],"line":92},"17":{"loc":{"start":{"line":93,"column":6},"end":{"line":93,"column":null}},"type":"if","locations":[{"start":{"line":93,"column":6},"end":{"line":93,"column":null}},{"start":{},"end":{}}],"line":93},"18":{"loc":{"start":{"line":93,"column":10},"end":{"line":93,"column":37}},"type":"binary-expr","locations":[{"start":{"line":93,"column":10},"end":{"line":93,"column":25}},{"start":{"line":93,"column":25},"end":{"line":93,"column":37}}],"line":93},"19":{"loc":{"start":{"line":100,"column":51},"end":{"line":100,"column":108}},"type":"binary-expr","locations":[{"start":{"line":100,"column":51},"end":{"line":100,"column":78}},{"start":{"line":100,"column":78},"end":{"line":100,"column":108}}],"line":100},"20":{"loc":{"start":{"line":101,"column":47},"end":{"line":101,"column":107}},"type":"binary-expr","locations":[{"start":{"line":101,"column":47},"end":{"line":101,"column":77}},{"start":{"line":101,"column":77},"end":{"line":101,"column":107}}],"line":101},"21":{"loc":{"start":{"line":109,"column":25},"end":{"line":109,"column":null}},"type":"binary-expr","locations":[{"start":{"line":109,"column":25},"end":{"line":109,"column":108}},{"start":{"line":109,"column":108},"end":{"line":109,"column":null}}],"line":109},"22":{"loc":{"start":{"line":109,"column":50},"end":{"line":109,"column":96}},"type":"binary-expr","locations":[{"start":{"line":109,"column":50},"end":{"line":109,"column":71}},{"start":{"line":109,"column":71},"end":{"line":109,"column":96}}],"line":109},"23":{"loc":{"start":{"line":110,"column":22},"end":{"line":110,"column":null}},"type":"binary-expr","locations":[{"start":{"line":110,"column":22},"end":{"line":110,"column":104}},{"start":{"line":110,"column":104},"end":{"line":110,"column":null}}],"line":110},"24":{"loc":{"start":{"line":110,"column":47},"end":{"line":110,"column":92}},"type":"binary-expr","locations":[{"start":{"line":110,"column":47},"end":{"line":110,"column":68}},{"start":{"line":110,"column":68},"end":{"line":110,"column":92}}],"line":110},"25":{"loc":{"start":{"line":118,"column":9},"end":{"line":154,"column":null}},"type":"cond-expr","locations":[{"start":{"line":119,"column":10},"end":{"line":145,"column":11}},{"start":{"line":145,"column":10},"end":{"line":154,"column":null}}],"line":118},"26":{"loc":{"start":{"line":120,"column":48},"end":{"line":120,"column":null}},"type":"cond-expr","locations":[{"start":{"line":120,"column":59},"end":{"line":120,"column":119}},{"start":{"line":120,"column":119},"end":{"line":120,"column":null}}],"line":120},"27":{"loc":{"start":{"line":121,"column":15},"end":{"line":121,"column":null}},"type":"binary-expr","locations":[{"start":{"line":121,"column":15},"end":{"line":121,"column":28}},{"start":{"line":121,"column":28},"end":{"line":121,"column":null}}],"line":121},"28":{"loc":{"start":{"line":122,"column":15},"end":{"line":123,"column":null}},"type":"binary-expr","locations":[{"start":{"line":122,"column":15},"end":{"line":122,"column":27}},{"start":{"line":122,"column":27},"end":{"line":123,"column":null}}],"line":122},"29":{"loc":{"start":{"line":130,"column":13},"end":{"line":141,"column":null}},"type":"binary-expr","locations":[{"start":{"line":130,"column":13},"end":{"line":130,"column":19}},{"start":{"line":130,"column":19},"end":{"line":130,"column":null}},{"start":{"line":131,"column":14},"end":{"line":141,"column":null}}],"line":130},"30":{"loc":{"start":{"line":132,"column":83},"end":{"line":132,"column":139}},"type":"cond-expr","locations":[{"start":{"line":132,"column":114},"end":{"line":132,"column":131}},{"start":{"line":132,"column":131},"end":{"line":132,"column":139}}],"line":132},"31":{"loc":{"start":{"line":134,"column":28},"end":{"line":134,"column":55}},"type":"cond-expr","locations":[{"start":{"line":134,"column":45},"end":{"line":134,"column":51}},{"start":{"line":134,"column":51},"end":{"line":134,"column":55}}],"line":134},"32":{"loc":{"start":{"line":159,"column":9},"end":{"line":241,"column":null}},"type":"binary-expr","locations":[{"start":{"line":159,"column":9},"end":{"line":159,"column":20}},{"start":{"line":159,"column":20},"end":{"line":159,"column":28}},{"start":{"line":159,"column":28},"end":{"line":159,"column":null}},{"start":{"line":160,"column":10},"end":{"line":241,"column":null}}],"line":159},"33":{"loc":{"start":{"line":161,"column":13},"end":{"line":178,"column":null}},"type":"cond-expr","locations":[{"start":{"line":162,"column":14},"end":{"line":178,"column":null}},{"start":{"line":178,"column":16},"end":{"line":178,"column":null}}],"line":161},"34":{"loc":{"start":{"line":161,"column":13},"end":{"line":161,"column":null}},"type":"binary-expr","locations":[{"start":{"line":161,"column":13},"end":{"line":161,"column":37}},{"start":{"line":161,"column":37},"end":{"line":161,"column":null}}],"line":161},"35":{"loc":{"start":{"line":184,"column":32},"end":{"line":184,"column":59}},"type":"cond-expr","locations":[{"start":{"line":184,"column":51},"end":{"line":184,"column":57}},{"start":{"line":184,"column":57},"end":{"line":184,"column":59}}],"line":184},"36":{"loc":{"start":{"line":187,"column":15},"end":{"line":187,"column":null}},"type":"cond-expr","locations":[{"start":{"line":187,"column":59},"end":{"line":187,"column":75}},{"start":{"line":187,"column":75},"end":{"line":187,"column":null}}],"line":187},"37":{"loc":{"start":{"line":187,"column":15},"end":{"line":187,"column":59}},"type":"binary-expr","locations":[{"start":{"line":187,"column":15},"end":{"line":187,"column":39}},{"start":{"line":187,"column":39},"end":{"line":187,"column":59}}],"line":187},"38":{"loc":{"start":{"line":190,"column":13},"end":{"line":197,"column":null}},"type":"binary-expr","locations":[{"start":{"line":190,"column":13},"end":{"line":190,"column":37}},{"start":{"line":190,"column":37},"end":{"line":190,"column":null}},{"start":{"line":191,"column":14},"end":{"line":197,"column":null}}],"line":190},"39":{"loc":{"start":{"line":200,"column":13},"end":{"line":238,"column":null}},"type":"cond-expr","locations":[{"start":{"line":201,"column":14},"end":{"line":235,"column":15}},{"start":{"line":235,"column":14},"end":{"line":238,"column":null}}],"line":200},"40":{"loc":{"start":{"line":205,"column":17},"end":{"line":233,"column":null}},"type":"binary-expr","locations":[{"start":{"line":205,"column":17},"end":{"line":205,"column":null}},{"start":{"line":206,"column":18},"end":{"line":233,"column":null}}],"line":205},"41":{"loc":{"start":{"line":209,"column":38},"end":{"line":209,"column":67}},"type":"binary-expr","locations":[{"start":{"line":209,"column":38},"end":{"line":209,"column":65}},{"start":{"line":209,"column":65},"end":{"line":209,"column":67}}],"line":209},"42":{"loc":{"start":{"line":213,"column":73},"end":{"line":213,"column":110}},"type":"cond-expr","locations":[{"start":{"line":213,"column":80},"end":{"line":213,"column":92}},{"start":{"line":213,"column":92},"end":{"line":213,"column":110}}],"line":213},"43":{"loc":{"start":{"line":218,"column":38},"end":{"line":218,"column":70}},"type":"binary-expr","locations":[{"start":{"line":218,"column":38},"end":{"line":218,"column":68}},{"start":{"line":218,"column":68},"end":{"line":218,"column":70}}],"line":218},"44":{"loc":{"start":{"line":222,"column":73},"end":{"line":222,"column":110}},"type":"cond-expr","locations":[{"start":{"line":222,"column":80},"end":{"line":222,"column":92}},{"start":{"line":222,"column":92},"end":{"line":222,"column":110}}],"line":222},"45":{"loc":{"start":{"line":227,"column":23},"end":{"line":228,"column":null}},"type":"binary-expr","locations":[{"start":{"line":227,"column":23},"end":{"line":227,"column":82}},{"start":{"line":227,"column":82},"end":{"line":227,"column":null}},{"start":{"line":228,"column":24},"end":{"line":228,"column":null}}],"line":227},"46":{"loc":{"start":{"line":235,"column":14},"end":{"line":238,"column":null}},"type":"binary-expr","locations":[{"start":{"line":235,"column":14},"end":{"line":235,"column":null}},{"start":{"line":236,"column":16},"end":{"line":238,"column":null}}],"line":235},"47":{"loc":{"start":{"line":244,"column":9},"end":{"line":446,"column":null}},"type":"binary-expr","locations":[{"start":{"line":244,"column":9},"end":{"line":244,"column":null}},{"start":{"line":245,"column":10},"end":{"line":446,"column":null}}],"line":244},"48":{"loc":{"start":{"line":257,"column":16},"end":{"line":257,"column":null}},"type":"if","locations":[{"start":{"line":257,"column":16},"end":{"line":257,"column":null}},{"start":{},"end":{}}],"line":257},"49":{"loc":{"start":{"line":259,"column":18},"end":{"line":259,"column":null}},"type":"if","locations":[{"start":{"line":259,"column":18},"end":{"line":259,"column":null}},{"start":{},"end":{}}],"line":259},"50":{"loc":{"start":{"line":284,"column":15},"end":{"line":443,"column":null}},"type":"binary-expr","locations":[{"start":{"line":284,"column":15},"end":{"line":284,"column":null}},{"start":{"line":285,"column":16},"end":{"line":443,"column":null}}],"line":284},"51":{"loc":{"start":{"line":294,"column":21},"end":{"line":319,"column":null}},"type":"binary-expr","locations":[{"start":{"line":294,"column":21},"end":{"line":294,"column":null}},{"start":{"line":295,"column":22},"end":{"line":319,"column":null}}],"line":294},"52":{"loc":{"start":{"line":313,"column":30},"end":{"line":313,"column":null}},"type":"if","locations":[{"start":{"line":313,"column":30},"end":{"line":313,"column":null}},{"start":{},"end":{}}],"line":313},"53":{"loc":{"start":{"line":323,"column":21},"end":{"line":349,"column":null}},"type":"binary-expr","locations":[{"start":{"line":323,"column":21},"end":{"line":323,"column":null}},{"start":{"line":324,"column":22},"end":{"line":349,"column":null}}],"line":323},"54":{"loc":{"start":{"line":343,"column":30},"end":{"line":343,"column":null}},"type":"if","locations":[{"start":{"line":343,"column":30},"end":{"line":343,"column":null}},{"start":{},"end":{}}],"line":343},"55":{"loc":{"start":{"line":358,"column":28},"end":{"line":358,"column":null}},"type":"if","locations":[{"start":{"line":358,"column":28},"end":{"line":358,"column":null}},{"start":{},"end":{}}],"line":358},"56":{"loc":{"start":{"line":369,"column":28},"end":{"line":369,"column":null}},"type":"if","locations":[{"start":{"line":369,"column":28},"end":{"line":369,"column":null}},{"start":{},"end":{}}],"line":369},"57":{"loc":{"start":{"line":385,"column":21},"end":{"line":410,"column":null}},"type":"binary-expr","locations":[{"start":{"line":385,"column":21},"end":{"line":385,"column":null}},{"start":{"line":386,"column":22},"end":{"line":410,"column":null}}],"line":385},"58":{"loc":{"start":{"line":404,"column":30},"end":{"line":404,"column":null}},"type":"if","locations":[{"start":{"line":404,"column":30},"end":{"line":404,"column":null}},{"start":{},"end":{}}],"line":404},"59":{"loc":{"start":{"line":414,"column":21},"end":{"line":439,"column":null}},"type":"binary-expr","locations":[{"start":{"line":414,"column":21},"end":{"line":414,"column":null}},{"start":{"line":415,"column":22},"end":{"line":439,"column":null}}],"line":414},"60":{"loc":{"start":{"line":433,"column":30},"end":{"line":433,"column":null}},"type":"if","locations":[{"start":{"line":433,"column":30},"end":{"line":433,"column":null}},{"start":{},"end":{}}],"line":433}},"s":{"0":19,"1":19,"2":19,"3":19,"4":19,"5":19,"6":19,"7":19,"8":19,"9":19,"10":19,"11":19,"12":7,"13":7,"14":19,"15":2,"16":1,"17":1,"18":1,"19":1,"20":1,"21":1,"22":1,"23":1,"24":1,"25":1,"26":1,"27":1,"28":0,"29":19,"30":1,"31":0,"32":1,"33":1,"34":1,"35":1,"36":1,"37":1,"38":1,"39":1,"40":0,"41":19,"42":6,"43":0,"44":6,"45":6,"46":6,"47":6,"48":6,"49":6,"50":0,"51":19,"52":33,"53":19,"54":38,"55":19,"56":38,"57":19,"58":19,"59":19,"60":19,"61":19,"62":39,"63":19,"64":39,"65":19,"66":19,"67":0,"68":0,"69":0,"70":2,"71":4,"72":2,"73":1,"74":2,"75":1,"76":1,"77":1,"78":0,"79":1,"80":1,"81":1,"82":1,"83":1,"84":1,"85":24,"86":12,"87":1,"88":1,"89":1,"90":1,"91":1,"92":6,"93":1,"94":1,"95":1,"96":1,"97":1,"98":1,"99":1,"100":1,"101":1,"102":1,"103":1,"104":1,"105":1,"106":1,"107":1,"108":6,"109":1,"110":1,"111":1},"f":{"0":19,"1":7,"2":2,"3":1,"4":1,"5":1,"6":1,"7":6,"8":6,"9":33,"10":38,"11":38,"12":39,"13":39,"14":0,"15":0,"16":0,"17":2,"18":4,"19":1,"20":2,"21":1,"22":1,"23":1,"24":1,"25":24,"26":12,"27":1,"28":1,"29":1,"30":1,"31":6,"32":1,"33":1,"34":1,"35":1,"36":1,"37":1,"38":1,"39":1,"40":1,"41":1,"42":6,"43":1,"44":1},"b":{"0":[19,19,19],"1":[19,0],"2":[19,19],"3":[19,0],"4":[7,0],"5":[1,1],"6":[1,0],"7":[1,0],"8":[1,0],"9":[1,0],"10":[0,1],"11":[1,1],"12":[1,0],"13":[1,0],"14":[6],"15":[0,6],"16":[6,6],"17":[6,0],"18":[6,6],"19":[38,6],"20":[38,19],"21":[19,19],"22":[39,20],"23":[19,19],"24":[39,20],"25":[19,0],"26":[19,0],"27":[19,0],"28":[19,19],"29":[19,19,12],"30":[12,0],"31":[12,0],"32":[19,7,7,7],"33":[2,5],"34":[7,2],"35":[1,6],"36":[2,5],"37":[7,2],"38":[7,2,2],"39":[1,6],"40":[1,1],"41":[1,0],"42":[2,0],"43":[1,0],"44":[1,0],"45":[1,0,0],"46":[6,4],"47":[19,12],"48":[0,1],"49":[1,0],"50":[12,6],"51":[6,6],"52":[1,0],"53":[6,6],"54":[1,0],"55":[1,0],"56":[1,0],"57":[6,6],"58":[1,0],"59":[6,6],"60":[1,0]},"meta":{"lastBranch":61,"lastFunction":45,"lastStatement":112,"seen":{"f:5:24:5:35":0,"s:6:15:6:Infinity":0,"s:7:17:7:Infinity":1,"b:7:17:7:25:7:25:7:31:7:31:7:Infinity":0,"s:9:21:9:Infinity":2,"s:10:19:10:Infinity":3,"s:11:21:11:Infinity":4,"s:12:17:12:Infinity":5,"b:13:2:15:Infinity:undefined:undefined:undefined:undefined":1,"s:13:2:15:Infinity":6,"b:13:6:13:14:13:14:13:27":2,"s:14:4:14:Infinity":7,"s:17:31:17:Infinity":8,"s:18:30:18:Infinity":9,"b:18:41:18:58:18:58:18:63":3,"s:19:27:19:Infinity":10,"s:22:2:26:Infinity":11,"f:22:2:22:18":1,"b:23:4:25:Infinity:undefined:undefined:undefined:undefined":4,"s:23:4:25:Infinity":12,"s:24:6:24:Infinity":13,"s:28:27:56:Infinity":14,"f:28:27:28:39":2,"b:29:4:32:Infinity:undefined:undefined:undefined:undefined":5,"s:29:4:32:Infinity":15,"s:30:6:30:Infinity":16,"s:31:6:31:Infinity":17,"s:34:4:55:Infinity":18,"f:34:96:34:103":3,"b:35:6:54:Infinity:undefined:undefined:undefined:undefined":6,"s:35:6:54:Infinity":19,"s:36:8:53:Infinity":20,"s:37:22:44:Infinity":21,"f:44:13:44:18":4,"s:44:23:44:31":22,"s:46:10:46:Infinity":23,"b:46:24:46:39:46:39:46:48":7,"b:47:10:50:Infinity:undefined:undefined:undefined:undefined":8,"s:47:10:50:Infinity":24,"s:48:12:48:Infinity":25,"b:49:12:49:Infinity:undefined:undefined:undefined:undefined":9,"s:49:12:49:Infinity":26,"s:49:28:49:Infinity":27,"s:52:10:52:Infinity":28,"s:58:23:78:Infinity":29,"f:58:23:58:35":5,"b:59:4:59:Infinity:undefined:undefined:undefined:undefined":10,"s:59:4:59:Infinity":30,"s:59:21:59:Infinity":31,"s:60:4:77:Infinity":32,"s:61:18:68:Infinity":33,"f:68:9:68:14":6,"s:68:19:68:27":34,"s:70:6:70:Infinity":35,"b:70:20:70:35:70:35:70:44":11,"b:71:6:74:Infinity:undefined:undefined:undefined:undefined":12,"s:71:6:74:Infinity":36,"s:72:8:72:Infinity":37,"b:73:8:73:Infinity:undefined:undefined:undefined:undefined":13,"s:73:8:73:Infinity":38,"s:73:24:73:Infinity":39,"s:76:6:76:Infinity":40,"s:80:27:97:Infinity":41,"f:80:27:80:34":7,"b:80:54:80:61":14,"b:81:4:81:Infinity:undefined:undefined:undefined:undefined":15,"s:81:4:81:Infinity":42,"s:81:19:81:Infinity":43,"s:82:4:96:Infinity":44,"s:83:18:90:Infinity":45,"f:90:9:90:14":8,"s:90:19:90:27":46,"s:92:6:92:Infinity":47,"b:92:20:92:35:92:35:92:44":16,"b:93:6:93:Infinity:undefined:undefined:undefined:undefined":17,"s:93:6:93:Infinity":48,"b:93:10:93:25:93:25:93:37":18,"s:93:37:93:Infinity":49,"s:95:6:95:Infinity":50,"s:99:21:99:Infinity":51,"f:99:34:99:39":9,"s:99:44:99:60":52,"s:100:24:100:Infinity":53,"f:100:39:100:46":10,"s:100:51:100:108":54,"b:100:51:100:78:100:78:100:108":19,"s:101:20:101:Infinity":55,"f:101:35:101:42":11,"s:101:47:101:107":56,"b:101:47:101:77:101:77:101:107":20,"s:103:29:103:Infinity":57,"s:104:25:104:Infinity":58,"s:106:27:106:Infinity":59,"s:107:23:107:Infinity":60,"s:109:25:109:Infinity":61,"b:109:25:109:108:109:108:109:Infinity":21,"f:109:38:109:45":12,"s:109:50:109:96":62,"b:109:50:109:71:109:71:109:96":22,"s:110:22:110:Infinity":63,"b:110:22:110:104:110:104:110:Infinity":23,"f:110:35:110:42":13,"s:110:47:110:92":64,"b:110:47:110:68:110:68:110:92":24,"s:111:21:111:Infinity":65,"s:113:2:449:Infinity":66,"b:119:10:145:11:145:10:154:Infinity":25,"b:120:59:120:119:120:119:120:Infinity":26,"b:121:15:121:28:121:28:121:Infinity":27,"b:122:15:122:27:122:27:123:Infinity":28,"f:122:75:122:90":14,"s:122:90:122:112":67,"b:130:13:130:19:130:19:130:Infinity:131:14:141:Infinity":29,"b:132:114:132:131:132:131:132:139":30,"b:134:45:134:51:134:51:134:55":31,"b:159:9:159:20:159:20:159:28:159:28:159:Infinity:160:10:241:Infinity":32,"b:162:14:178:Infinity:178:16:178:Infinity":33,"b:161:13:161:37:161:37:161:Infinity":34,"f:169:18:169:29":15,"s:169:35:169:Infinity":68,"b:184:51:184:57:184:57:184:59":35,"b:187:59:187:75:187:75:187:Infinity":36,"b:187:15:187:39:187:39:187:59":37,"b:190:13:190:37:190:37:190:Infinity:191:14:197:Infinity":38,"f:193:16:193:31":16,"s:193:31:193:Infinity":69,"b:201:14:235:15:235:14:238:Infinity":39,"b:205:17:205:Infinity:206:18:233:Infinity":40,"b:209:38:209:65:209:65:209:67":41,"f:209:69:209:74":17,"s:210:37:210:Infinity":70,"f:210:50:210:55":18,"s:210:60:210:82":71,"s:211:24:215:Infinity":72,"b:213:80:213:92:213:92:213:110":42,"b:218:38:218:68:218:68:218:70":43,"f:218:72:218:77":19,"s:219:37:219:Infinity":73,"f:219:50:219:55":20,"s:219:60:219:82":74,"s:220:24:224:Infinity":75,"b:222:80:222:92:222:92:222:110":44,"b:227:23:227:82:227:82:227:Infinity:228:24:228:Infinity":45,"b:235:14:235:Infinity:236:16:238:Infinity":46,"b:244:9:244:Infinity:245:10:446:Infinity":47,"f:253:16:253:26":21,"s:253:31:253:Infinity":76,"f:256:48:256:63":22,"b:257:16:257:Infinity:undefined:undefined:undefined:undefined":48,"s:257:16:257:Infinity":77,"s:257:33:257:Infinity":78,"s:258:16:260:Infinity":79,"f:258:63:258:81":23,"b:259:18:259:Infinity:undefined:undefined:undefined:undefined":49,"s:259:18:259:Infinity":80,"s:259:31:259:Infinity":81,"f:270:16:270:26":24,"s:271:18:271:Infinity":82,"s:272:18:272:Infinity":83,"s:273:18:273:Infinity":84,"f:279:30:279:37":25,"s:279:42:279:61":85,"f:279:63:279:67":26,"s:280:18:280:Infinity":86,"b:284:15:284:Infinity:285:16:443:Infinity":50,"b:294:21:294:Infinity:295:22:319:Infinity":51,"f:305:26:305:37":27,"s:305:43:305:Infinity":87,"f:311:26:311:41":28,"s:312:28:314:Infinity":88,"f:312:109:312:114":29,"b:313:30:313:Infinity:undefined:undefined:undefined:undefined":52,"s:313:30:313:Infinity":89,"s:313:43:313:Infinity":90,"b:323:21:323:Infinity:324:22:349:Infinity":53,"f:327:26:327:36":30,"s:327:41:327:Infinity":91,"f:332:41:332:45":31,"s:333:28:333:Infinity":92,"f:340:26:340:41":32,"s:341:28:341:Infinity":93,"s:342:28:344:Infinity":94,"f:342:104:342:109":33,"b:343:30:343:Infinity:undefined:undefined:undefined:undefined":54,"s:343:30:343:Infinity":95,"s:343:43:343:Infinity":96,"f:356:24:356:39":34,"s:357:26:359:Infinity":97,"f:357:85:357:126":35,"b:358:28:358:Infinity:undefined:undefined:undefined:undefined":55,"s:358:28:358:Infinity":98,"s:358:41:358:Infinity":99,"f:367:24:367:39":36,"s:368:26:370:Infinity":100,"f:368:82:368:120":37,"b:369:28:369:Infinity:undefined:undefined:undefined:undefined":56,"s:369:28:369:Infinity":101,"s:369:41:369:Infinity":102,"b:385:21:385:Infinity:386:22:410:Infinity":57,"f:396:26:396:37":38,"s:396:43:396:Infinity":103,"f:402:26:402:41":39,"s:403:28:405:Infinity":104,"f:403:107:403:112":40,"b:404:30:404:Infinity:undefined:undefined:undefined:undefined":58,"s:404:30:404:Infinity":105,"s:404:43:404:Infinity":106,"b:414:21:414:Infinity:415:22:439:Infinity":59,"f:418:26:418:36":41,"s:418:41:418:Infinity":107,"f:423:37:423:41":42,"s:424:28:424:Infinity":108,"f:431:26:431:41":43,"s:432:28:434:Infinity":109,"f:432:102:432:107":44,"b:433:30:433:Infinity:undefined:undefined:undefined:undefined":60,"s:433:30:433:Infinity":110,"s:433:43:433:Infinity":111},"fnNames":{}}}
}
